2020 07 01=da=0&email=0&email_count=0&email_count_incoming=0&email_count_outgoing=0&ftp=0&http=364604&http_homedir=0&http_ul=6884&imap=0&other=0&pop=0&total=364604
2020 07 02=da=0&email=0&email_count=0&email_count_incoming=0&email_count_outgoing=0&ftp=0&http=302237&http_homedir=0&http_ul=2817&imap=0&other=0&pop=0&total=302237
2020 07 03=da=0&email=0&email_count=0&email_count_incoming=0&email_count_outgoing=0&ftp=0&http=251918&http_homedir=0&http_ul=3410&imap=0&other=0&pop=0&total=251918
2020 07 04=da=0&email=0&email_count=0&email_count_incoming=0&email_count_outgoing=0&ftp=0&http=21928&http_homedir=0&http_ul=1038&imap=0&other=0&pop=0&total=21928
2020 07 05=da=0&email=0&email_count=0&email_count_incoming=0&email_count_outgoing=0&ftp=0&http=714377&http_homedir=0&http_ul=3188&imap=0&other=0&pop=0&total=714377
2020 07 06=da=0&email=0&email_count=0&email_count_incoming=0&email_count_outgoing=0&ftp=0&http=273313&http_homedir=0&http_ul=3006&imap=0&other=0&pop=0&total=273313
2020 07 07=da=0&email=0&email_count=0&email_count_incoming=0&email_count_outgoing=0&ftp=0&http=43391&http_homedir=0&http_ul=2335&imap=0&other=0&pop=0&total=43391
2020 07 08=da=0&email=0&email_count=0&email_count_incoming=0&email_count_outgoing=0&ftp=0&http=30072&http_homedir=0&http_ul=1107&imap=0&other=0&pop=0&total=30072
2020 07 09=da=0&email=0&email_count=0&email_count_incoming=0&email_count_outgoing=0&ftp=0&http=127400&http_homedir=0&http_ul=5322&imap=0&other=0&pop=0&total=127400
2020 07 10=da=0&email=0&email_count=0&email_count_incoming=0&email_count_outgoing=0&ftp=0&http=687152&http_homedir=0&http_ul=10525&imap=0&other=0&pop=0&total=687152
2020 07 11=da=0&email=0&email_count=0&email_count_incoming=0&email_count_outgoing=0&ftp=0&http=139083&http_homedir=0&http_ul=7026&imap=0&other=0&pop=0&total=139083
2020 07 12=da=0&email=0&email_count=0&email_count_incoming=0&email_count_outgoing=0&ftp=0&http=330074&http_homedir=0&http_ul=4934&imap=0&other=0&pop=0&total=330074
2020 07 13=da=0&email=0&email_count=0&email_count_incoming=0&email_count_outgoing=0&ftp=0&http=43483&http_homedir=0&http_ul=2221&imap=0&other=0&pop=0&total=43483
2020 07 14=da=0&email=0&email_count=0&email_count_incoming=0&email_count_outgoing=0&ftp=0&http=62297&http_homedir=0&http_ul=2601&imap=0&other=0&pop=0&total=62297
2020 07 15=da=0&email=0&email_count=0&email_count_incoming=0&email_count_outgoing=0&ftp=0&http=40732&http_homedir=0&http_ul=2813&imap=0&other=0&pop=0&total=40732
2020 07 16=da=0&email=0&email_count=0&email_count_incoming=0&email_count_outgoing=0&ftp=0&http=112900&http_homedir=0&http_ul=5675&imap=0&other=0&pop=0&total=112900
2020 07 17=da=0&email=0&email_count=0&email_count_incoming=0&email_count_outgoing=0&ftp=611531393&http=154421&http_homedir=0&http_ul=3632&imap=0&other=0&pop=0&total=611685814
2020 07 18=da=0&email=0&email_count=0&email_count_incoming=0&email_count_outgoing=0&ftp=0&http=163190&http_homedir=0&http_ul=7125&imap=0&other=0&pop=0&total=163190
2020 07 19=da=0&email=0&email_count=0&email_count_incoming=0&email_count_outgoing=0&ftp=0&http=145344&http_homedir=0&http_ul=6786&imap=0&other=0&pop=0&total=145344
2020 07 20=da=0&email=0&email_count=0&email_count_incoming=0&email_count_outgoing=0&ftp=0&http=334332&http_homedir=0&http_ul=5794&imap=0&other=0&pop=0&total=334332
2020 07 21=da=0&email=0&email_count=0&email_count_incoming=0&email_count_outgoing=0&ftp=16362&http=275653&http_homedir=0&http_ul=3598&imap=0&other=0&pop=0&total=292015
2020 07 22=da=0&email=0&email_count=0&email_count_incoming=0&email_count_outgoing=0&ftp=0&http=63496&http_homedir=0&http_ul=2992&imap=0&other=0&pop=0&total=63496
2020 07 23=da=0&email=0&email_count=0&email_count_incoming=0&email_count_outgoing=0&ftp=6713039&http=17357803&http_homedir=0&http_ul=578435&imap=0&other=0&pop=0&total=24070842
2020 07 24=da=0&email=0&email_count=0&email_count_incoming=0&email_count_outgoing=0&ftp=0&http=436860&http_homedir=0&http_ul=2847&imap=0&other=0&pop=0&total=436860
2020 07 25=da=0&email=0&email_count=0&email_count_incoming=0&email_count_outgoing=0&ftp=0&http=121406&http_homedir=0&http_ul=4486&imap=0&other=0&pop=0&total=121406
2020 07 26=da=0&email=0&email_count=0&email_count_incoming=0&email_count_outgoing=0&ftp=0&http=302804&http_homedir=0&http_ul=4509&imap=0&other=0&pop=0&total=302804
2020 07 27=da=0&email=0&email_count=0&email_count_incoming=0&email_count_outgoing=0&ftp=0&http=4732312&http_homedir=0&http_ul=22199&imap=0&other=0&pop=0&total=4732312
2020 07 28=da=0&email=0&email_count=0&email_count_incoming=0&email_count_outgoing=0&ftp=0&http=737424&http_homedir=0&http_ul=12246&imap=0&other=0&pop=0&total=737424
2020 07 29=da=0&email=0&email_count=0&email_count_incoming=0&email_count_outgoing=0&ftp=0&http=53441&http_homedir=0&http_ul=2508&imap=0&other=0&pop=0&total=53441
2020 07 30=da=0&email=0&email_count=0&email_count_incoming=0&email_count_outgoing=0&ftp=1409823&http=14296446&http_homedir=0&http_ul=2383515&imap=0&other=0&pop=0&total=15706269
simpletotal=662390510
total=da=0&email=0&email_count=0&email_count_incoming=0&email_count_outgoing=0&ftp=619670617&http=42719893&http_ul=3105574&imap=0&other=0&pop=0&total=662390510
