2020 03 01=da=0&email=0&email_count=0&email_count_incoming=0&email_count_outgoing=0&ftp=0&http=0&http_homedir=0&http_ul=0&imap=0&other=0&pop=0&total=0
2020 03 02=da=0&email=0&email_count=0&email_count_incoming=0&email_count_outgoing=0&ftp=3198882&http=15701183&http_homedir=15701183&http_ul=0&imap=0&other=0&pop=0&total=18900065
2020 03 03=da=2253473&email=0&email_count=0&email_count_incoming=0&email_count_outgoing=0&ftp=609133277&http=16847485&http_homedir=16847485&http_ul=0&imap=0&other=0&pop=0&total=628234235
2020 03 04=da=0&email=0&email_count=0&email_count_incoming=0&email_count_outgoing=0&ftp=2153542&http=16269082&http_homedir=16269082&http_ul=0&imap=0&other=0&pop=0&total=18422624
2020 03 05=da=6783749&email=0&email_count=0&email_count_incoming=0&email_count_outgoing=0&ftp=226694637&http=63745418&http_homedir=47755710&http_ul=493223&imap=0&other=0&pop=0&total=297223804
2020 03 06=da=0&email=0&email_count=0&email_count_incoming=0&email_count_outgoing=0&ftp=2336774&http=26819255&http_homedir=0&http_ul=1546279&imap=0&other=0&pop=0&total=29156029
2020 03 07=da=0&email=0&email_count=0&email_count_incoming=0&email_count_outgoing=0&ftp=358665442&http=4856613&http_homedir=0&http_ul=90878&imap=0&other=0&pop=0&total=363522055
2020 03 08=da=0&email=0&email_count=0&email_count_incoming=0&email_count_outgoing=0&ftp=0&http=8628365&http_homedir=0&http_ul=121210&imap=0&other=0&pop=0&total=8628365
2020 03 09=da=0&email=0&email_count=0&email_count_incoming=0&email_count_outgoing=0&ftp=2837844&http=44136567&http_homedir=2539&http_ul=5552285&imap=0&other=0&pop=0&total=46974411
2020 03 10=da=0&email=0&email_count=0&email_count_incoming=0&email_count_outgoing=0&ftp=7105385&http=41368122&http_homedir=529&http_ul=6453653&imap=0&other=0&pop=0&total=48473507
2020 03 11=da=0&email=0&email_count=0&email_count_incoming=0&email_count_outgoing=0&ftp=12192034&http=52430807&http_homedir=0&http_ul=2132432&imap=0&other=0&pop=0&total=64622841
2020 03 12=da=2647497&email=0&email_count=0&email_count_incoming=0&email_count_outgoing=0&ftp=6619678&http=38953500&http_homedir=0&http_ul=2068216&imap=0&other=0&pop=0&total=48220675
2020 03 13=da=0&email=0&email_count=0&email_count_incoming=0&email_count_outgoing=0&ftp=5236031&http=29444612&http_homedir=0&http_ul=1036339&imap=0&other=0&pop=0&total=34680643
2020 03 14=da=0&email=0&email_count=0&email_count_incoming=0&email_count_outgoing=0&ftp=141521&http=529117&http_homedir=0&http_ul=17440&imap=0&other=0&pop=0&total=670638
2020 03 15=da=0&email=0&email_count=0&email_count_incoming=0&email_count_outgoing=0&ftp=0&http=425854&http_homedir=0&http_ul=10559&imap=0&other=0&pop=0&total=425854
2020 03 16=da=0&email=0&email_count=0&email_count_incoming=0&email_count_outgoing=0&ftp=8292478&http=22523866&http_homedir=0&http_ul=647792&imap=0&other=0&pop=0&total=30816344
2020 03 17=da=0&email=0&email_count=0&email_count_incoming=0&email_count_outgoing=0&ftp=459389149&http=2441790&http_homedir=0&http_ul=289134&imap=0&other=0&pop=0&total=461830939
2020 03 18=da=0&email=0&email_count=0&email_count_incoming=0&email_count_outgoing=0&ftp=10050702&http=14027303&http_homedir=0&http_ul=808818&imap=0&other=0&pop=0&total=24078005
2020 03 19=da=0&email=0&email_count=0&email_count_incoming=0&email_count_outgoing=0&ftp=22721388&http=38670438&http_homedir=529&http_ul=5964518&imap=0&other=0&pop=0&total=61391826
2020 03 20=da=0&email=0&email_count=0&email_count_incoming=0&email_count_outgoing=0&ftp=2469309&http=7979025&http_homedir=0&http_ul=886551&imap=0&other=0&pop=0&total=10448334
2020 03 21=da=0&email=0&email_count=0&email_count_incoming=0&email_count_outgoing=0&ftp=0&http=364655&http_homedir=0&http_ul=3815&imap=0&other=0&pop=0&total=364655
2020 03 22=da=0&email=0&email_count=0&email_count_incoming=0&email_count_outgoing=0&ftp=0&http=212554&http_homedir=0&http_ul=9423&imap=0&other=0&pop=0&total=212554
2020 03 23=da=5073173&email=0&email_count=0&email_count_incoming=0&email_count_outgoing=0&ftp=2508523&http=37346168&http_homedir=0&http_ul=1246167&imap=0&other=0&pop=0&total=44927864
2020 03 24=da=0&email=0&email_count=0&email_count_incoming=0&email_count_outgoing=0&ftp=140141895&http=22171015&http_homedir=0&http_ul=1124426&imap=0&other=0&pop=0&total=162312910
2020 03 25=da=0&email=0&email_count=0&email_count_incoming=0&email_count_outgoing=0&ftp=4708523&http=10610896&http_homedir=0&http_ul=549816&imap=0&other=0&pop=0&total=15319419
2020 03 26=da=0&email=0&email_count=0&email_count_incoming=0&email_count_outgoing=0&ftp=5373735&http=59182862&http_homedir=0&http_ul=1681729&imap=0&other=0&pop=0&total=64556597
2020 03 27=da=0&email=0&email_count=0&email_count_incoming=0&email_count_outgoing=0&ftp=2636426&http=98970844&http_homedir=0&http_ul=2182653&imap=0&other=0&pop=0&total=101607270
2020 03 28=da=225539417&email=0&email_count=0&email_count_incoming=0&email_count_outgoing=0&ftp=394472&http=34118712&http_homedir=0&http_ul=868479&imap=0&other=0&pop=0&total=260052601
2020 03 29=da=0&email=0&email_count=0&email_count_incoming=0&email_count_outgoing=0&ftp=9021728&http=76324517&http_homedir=0&http_ul=2249820&imap=0&other=0&pop=0&total=85346245
2020 03 30=da=0&email=0&email_count=0&email_count_incoming=0&email_count_outgoing=0&ftp=3412698&http=30325738&http_homedir=0&http_ul=1001097&imap=0&other=0&pop=0&total=33738436
simpletotal=2965159745
total=da=242297309&email=0&email_count=0&email_count_incoming=0&email_count_outgoing=0&ftp=1907436073&http=815426363&http_ul=39036752&imap=0&other=0&pop=0&total=2965159745
