2020 11 01=da=0&email=0&email_count=0&email_count_incoming=0&email_count_outgoing=0&ftp=0&http=231815&http_homedir=0&http_ul=3205&imap=0&other=0&pop=0&total=231815
2020 11 02=da=0&email=0&email_count=0&email_count_incoming=0&email_count_outgoing=0&ftp=0&http=5713&http_homedir=0&http_ul=2895&imap=0&other=0&pop=0&total=5713
2020 11 03=da=0&email=0&email_count=0&email_count_incoming=0&email_count_outgoing=0&ftp=0&http=15411&http_homedir=0&http_ul=2262&imap=0&other=0&pop=0&total=15411
2020 11 04=da=0&email=0&email_count=0&email_count_incoming=0&email_count_outgoing=0&ftp=0&http=245563&http_homedir=0&http_ul=3062&imap=0&other=0&pop=0&total=245563
2020 11 05=da=0&email=0&email_count=0&email_count_incoming=0&email_count_outgoing=0&ftp=0&http=18426&http_homedir=0&http_ul=1564&imap=0&other=0&pop=0&total=18426
2020 11 06=da=0&email=0&email_count=0&email_count_incoming=0&email_count_outgoing=0&ftp=0&http=1831367&http_homedir=0&http_ul=157008&imap=0&other=0&pop=0&total=1831367
2020 11 07=da=0&email=0&email_count=0&email_count_incoming=0&email_count_outgoing=0&ftp=0&http=5218&http_homedir=0&http_ul=1885&imap=0&other=0&pop=0&total=5218
2020 11 08=da=0&email=0&email_count=0&email_count_incoming=0&email_count_outgoing=0&ftp=0&http=251271&http_homedir=0&http_ul=2247&imap=0&other=0&pop=0&total=251271
2020 11 09=da=0&email=0&email_count=0&email_count_incoming=0&email_count_outgoing=0&ftp=0&http=13358&http_homedir=0&http_ul=2242&imap=0&other=0&pop=0&total=13358
2020 11 10=da=0&email=0&email_count=0&email_count_incoming=0&email_count_outgoing=0&ftp=0&http=56937&http_homedir=0&http_ul=3910&imap=0&other=0&pop=0&total=56937
2020 11 11=da=67107&email=0&email_count=0&email_count_incoming=0&email_count_outgoing=0&ftp=1433516&http=7722982&http_homedir=0&http_ul=851681&imap=0&other=0&pop=0&total=9223605
2020 11 12=da=0&email=0&email_count=0&email_count_incoming=0&email_count_outgoing=0&ftp=1538458&http=6915927&http_homedir=0&http_ul=1974617&imap=0&other=0&pop=0&total=8454385
2020 11 13=da=0&email=0&email_count=0&email_count_incoming=0&email_count_outgoing=0&ftp=0&http=34754&http_homedir=0&http_ul=1736&imap=0&other=0&pop=0&total=34754
2020 11 14=da=0&email=0&email_count=0&email_count_incoming=0&email_count_outgoing=0&ftp=0&http=217539&http_homedir=0&http_ul=401&imap=0&other=0&pop=0&total=217539
2020 11 15=da=0&email=0&email_count=0&email_count_incoming=0&email_count_outgoing=0&ftp=0&http=9357&http_homedir=0&http_ul=466&imap=0&other=0&pop=0&total=9357
2020 11 16=da=607023&email=0&email_count=0&email_count_incoming=0&email_count_outgoing=0&ftp=77891272&http=70105&http_homedir=0&http_ul=2730&imap=0&other=0&pop=0&total=78568400
2020 11 17=da=0&email=0&email_count=0&email_count_incoming=0&email_count_outgoing=0&ftp=0&http=256540&http_homedir=0&http_ul=2125&imap=0&other=0&pop=0&total=256540
2020 11 18=da=0&email=0&email_count=0&email_count_incoming=0&email_count_outgoing=0&ftp=0&http=17589&http_homedir=0&http_ul=1390&imap=0&other=0&pop=0&total=17589
2020 11 19=da=0&email=0&email_count=0&email_count_incoming=0&email_count_outgoing=0&ftp=0&http=962058&http_homedir=0&http_ul=81386&imap=0&other=0&pop=0&total=962058
2020 11 20=da=0&email=0&email_count=0&email_count_incoming=0&email_count_outgoing=0&ftp=0&http=11417&http_homedir=0&http_ul=735&imap=0&other=0&pop=0&total=11417
2020 11 21=da=0&email=0&email_count=0&email_count_incoming=0&email_count_outgoing=0&ftp=0&http=71497&http_homedir=0&http_ul=2665&imap=0&other=0&pop=0&total=71497
2020 11 22=da=0&email=0&email_count=0&email_count_incoming=0&email_count_outgoing=0&ftp=0&http=1175&http_homedir=0&http_ul=224&imap=0&other=0&pop=0&total=1175
2020 11 23=da=0&email=0&email_count=0&email_count_incoming=0&email_count_outgoing=0&ftp=0&http=2928267&http_homedir=0&http_ul=65565&imap=0&other=0&pop=0&total=2928267
2020 11 24=da=0&email=0&email_count=0&email_count_incoming=0&email_count_outgoing=0&ftp=0&http=215706&http_homedir=0&http_ul=1775&imap=0&other=0&pop=0&total=215706
2020 11 25=da=0&email=0&email_count=0&email_count_incoming=0&email_count_outgoing=0&ftp=0&http=37919&http_homedir=0&http_ul=4235&imap=0&other=0&pop=0&total=37919
2020 11 26=da=0&email=0&email_count=0&email_count_incoming=0&email_count_outgoing=0&ftp=725779&http=21894705&http_homedir=0&http_ul=183512&imap=0&other=0&pop=0&total=22620484
2020 11 27=da=0&email=0&email_count=0&email_count_incoming=0&email_count_outgoing=0&ftp=0&http=92774&http_homedir=0&http_ul=3444&imap=0&other=0&pop=0&total=92774
2020 11 28=da=0&email=0&email_count=0&email_count_incoming=0&email_count_outgoing=0&ftp=0&http=295453&http_homedir=0&http_ul=8265&imap=0&other=0&pop=0&total=295453
2020 11 29=da=0&email=0&email_count=0&email_count_incoming=0&email_count_outgoing=0&ftp=0&http=245718&http_homedir=0&http_ul=1627&imap=0&other=0&pop=0&total=245718
simpletotal=126939716
total=da=674130&email=0&email_count=0&email_count_incoming=0&email_count_outgoing=0&ftp=81589025&http=44676561&http_ul=3368859&imap=0&other=0&pop=0&total=126939716
