2020 06 01=da=0&email=0&email_count=0&email_count_incoming=0&email_count_outgoing=0&ftp=0&http=218974&http_homedir=0&http_ul=1895&imap=0&other=0&pop=0&total=218974
2020 06 02=da=0&email=0&email_count=0&email_count_incoming=0&email_count_outgoing=0&ftp=0&http=303890&http_homedir=0&http_ul=4042&imap=0&other=0&pop=0&total=303890
2020 06 03=da=0&email=0&email_count=0&email_count_incoming=0&email_count_outgoing=0&ftp=0&http=99562&http_homedir=0&http_ul=5065&imap=0&other=0&pop=0&total=99562
2020 06 04=da=0&email=0&email_count=0&email_count_incoming=0&email_count_outgoing=0&ftp=0&http=273763&http_homedir=0&http_ul=3999&imap=0&other=0&pop=0&total=273763
2020 06 05=da=0&email=0&email_count=0&email_count_incoming=0&email_count_outgoing=0&ftp=0&http=63711&http_homedir=0&http_ul=2948&imap=0&other=0&pop=0&total=63711
2020 06 06=da=0&email=0&email_count=0&email_count_incoming=0&email_count_outgoing=0&ftp=0&http=313236&http_homedir=0&http_ul=5156&imap=0&other=0&pop=0&total=313236
2020 06 07=da=0&email=0&email_count=0&email_count_incoming=0&email_count_outgoing=0&ftp=0&http=2925636&http_homedir=0&http_ul=77059&imap=0&other=0&pop=0&total=2925636
2020 06 08=da=0&email=0&email_count=0&email_count_incoming=0&email_count_outgoing=0&ftp=0&http=564676&http_homedir=0&http_ul=4772&imap=0&other=0&pop=0&total=564676
2020 06 09=da=0&email=0&email_count=0&email_count_incoming=0&email_count_outgoing=0&ftp=0&http=278541&http_homedir=0&http_ul=3087&imap=0&other=0&pop=0&total=278541
2020 06 10=da=0&email=0&email_count=0&email_count_incoming=0&email_count_outgoing=0&ftp=0&http=1018520&http_homedir=0&http_ul=7970&imap=0&other=0&pop=0&total=1018520
2020 06 11=da=0&email=0&email_count=0&email_count_incoming=0&email_count_outgoing=0&ftp=0&http=2885398&http_homedir=0&http_ul=82539&imap=0&other=0&pop=0&total=2885398
2020 06 12=da=0&email=0&email_count=0&email_count_incoming=0&email_count_outgoing=0&ftp=0&http=205408&http_homedir=0&http_ul=6243&imap=0&other=0&pop=0&total=205408
2020 06 13=da=0&email=0&email_count=0&email_count_incoming=0&email_count_outgoing=0&ftp=0&http=182029&http_homedir=0&http_ul=8741&imap=0&other=0&pop=0&total=182029
2020 06 14=da=0&email=0&email_count=0&email_count_incoming=0&email_count_outgoing=0&ftp=0&http=3364514&http_homedir=0&http_ul=10496&imap=0&other=0&pop=0&total=3364514
2020 06 15=da=0&email=0&email_count=0&email_count_incoming=0&email_count_outgoing=0&ftp=0&http=563433&http_homedir=0&http_ul=4475&imap=0&other=0&pop=0&total=563433
2020 06 16=da=0&email=0&email_count=0&email_count_incoming=0&email_count_outgoing=0&ftp=0&http=59779&http_homedir=0&http_ul=1859&imap=0&other=0&pop=0&total=59779
2020 06 17=da=0&email=0&email_count=0&email_count_incoming=0&email_count_outgoing=0&ftp=0&http=2294719&http_homedir=0&http_ul=29936&imap=0&other=0&pop=0&total=2294719
2020 06 18=da=0&email=0&email_count=0&email_count_incoming=0&email_count_outgoing=0&ftp=0&http=177389&http_homedir=0&http_ul=4304&imap=0&other=0&pop=0&total=177389
2020 06 19=da=0&email=0&email_count=0&email_count_incoming=0&email_count_outgoing=0&ftp=0&http=56217&http_homedir=0&http_ul=2700&imap=0&other=0&pop=0&total=56217
2020 06 20=da=0&email=0&email_count=0&email_count_incoming=0&email_count_outgoing=0&ftp=0&http=9674&http_homedir=0&http_ul=296&imap=0&other=0&pop=0&total=9674
2020 06 21=da=0&email=0&email_count=0&email_count_incoming=0&email_count_outgoing=0&ftp=0&http=192330&http_homedir=0&http_ul=7297&imap=0&other=0&pop=0&total=192330
2020 06 22=da=0&email=0&email_count=0&email_count_incoming=0&email_count_outgoing=0&ftp=0&http=689620&http_homedir=0&http_ul=8595&imap=0&other=0&pop=0&total=689620
2020 06 23=da=0&email=0&email_count=0&email_count_incoming=0&email_count_outgoing=0&ftp=0&http=69360&http_homedir=0&http_ul=3833&imap=0&other=0&pop=0&total=69360
2020 06 24=da=0&email=0&email_count=0&email_count_incoming=0&email_count_outgoing=0&ftp=0&http=40065&http_homedir=0&http_ul=725&imap=0&other=0&pop=0&total=40065
2020 06 25=da=0&email=0&email_count=0&email_count_incoming=0&email_count_outgoing=0&ftp=0&http=124781&http_homedir=0&http_ul=5483&imap=0&other=0&pop=0&total=124781
2020 06 26=da=0&email=0&email_count=0&email_count_incoming=0&email_count_outgoing=0&ftp=0&http=455239&http_homedir=0&http_ul=12220&imap=0&other=0&pop=0&total=455239
2020 06 27=da=0&email=0&email_count=0&email_count_incoming=0&email_count_outgoing=0&ftp=0&http=66353&http_homedir=0&http_ul=1537&imap=0&other=0&pop=0&total=66353
2020 06 28=da=0&email=0&email_count=0&email_count_incoming=0&email_count_outgoing=0&ftp=0&http=11861&http_homedir=0&http_ul=762&imap=0&other=0&pop=0&total=11861
2020 06 29=da=0&email=0&email_count=0&email_count_incoming=0&email_count_outgoing=0&ftp=0&http=112676&http_homedir=0&http_ul=5851&imap=0&other=0&pop=0&total=112676
simpletotal=17621354
total=da=0&email=0&email_count=0&email_count_incoming=0&email_count_outgoing=0&ftp=0&http=17621354&http_ul=313885&imap=0&other=0&pop=0&total=17621354
