2021 01 01=da=0&email=0&email_count=0&email_count_incoming=0&email_count_outgoing=0&ftp=0&http=15323&http_homedir=0&http_ul=3416&imap=0&other=0&pop=0&total=15323
2021 01 02=da=0&email=0&email_count=0&email_count_incoming=0&email_count_outgoing=0&ftp=0&http=14134&http_homedir=0&http_ul=3463&imap=0&other=0&pop=0&total=14134
2021 01 03=da=0&email=0&email_count=0&email_count_incoming=0&email_count_outgoing=0&ftp=0&http=10125&http_homedir=0&http_ul=3929&imap=0&other=0&pop=0&total=10125
2021 01 04=da=0&email=0&email_count=0&email_count_incoming=0&email_count_outgoing=0&ftp=0&http=4590870&http_homedir=0&http_ul=104427&imap=0&other=0&pop=0&total=4590870
2021 01 05=da=0&email=0&email_count=0&email_count_incoming=0&email_count_outgoing=0&ftp=0&http=14109&http_homedir=0&http_ul=4381&imap=0&other=0&pop=0&total=14109
2021 01 06=da=0&email=0&email_count=0&email_count_incoming=0&email_count_outgoing=0&ftp=0&http=9317&http_homedir=0&http_ul=1628&imap=0&other=0&pop=0&total=9317
2021 01 07=da=0&email=0&email_count=0&email_count_incoming=0&email_count_outgoing=0&ftp=0&http=12404&http_homedir=0&http_ul=3160&imap=0&other=0&pop=0&total=12404
2021 01 08=da=0&email=0&email_count=0&email_count_incoming=0&email_count_outgoing=0&ftp=77874910&http=9164&http_homedir=0&http_ul=3977&imap=0&other=0&pop=0&total=77884074
2021 01 09=da=0&email=0&email_count=0&email_count_incoming=0&email_count_outgoing=0&ftp=0&http=9618&http_homedir=0&http_ul=3257&imap=0&other=0&pop=0&total=9618
2021 01 10=da=0&email=0&email_count=0&email_count_incoming=0&email_count_outgoing=0&ftp=0&http=11353&http_homedir=0&http_ul=4080&imap=0&other=0&pop=0&total=11353
2021 01 11=da=0&email=0&email_count=0&email_count_incoming=0&email_count_outgoing=0&ftp=0&http=2617&http_homedir=0&http_ul=1192&imap=0&other=0&pop=0&total=2617
2021 01 12=da=0&email=0&email_count=0&email_count_incoming=0&email_count_outgoing=0&ftp=265496&http=8858822&http_homedir=0&http_ul=218742&imap=0&other=0&pop=0&total=9124318
2021 01 13=da=0&email=0&email_count=0&email_count_incoming=0&email_count_outgoing=0&ftp=0&http=1703277&http_homedir=0&http_ul=16119&imap=0&other=0&pop=0&total=1703277
2021 01 14=da=0&email=0&email_count=0&email_count_incoming=0&email_count_outgoing=0&ftp=0&http=1704235&http_homedir=0&http_ul=21856&imap=0&other=0&pop=0&total=1704235
2021 01 15=da=0&email=0&email_count=0&email_count_incoming=0&email_count_outgoing=0&ftp=0&http=8376&http_homedir=0&http_ul=2070&imap=0&other=0&pop=0&total=8376
2021 01 16=da=0&email=0&email_count=0&email_count_incoming=0&email_count_outgoing=0&ftp=0&http=3383&http_homedir=0&http_ul=870&imap=0&other=0&pop=0&total=3383
2021 01 17=da=0&email=0&email_count=0&email_count_incoming=0&email_count_outgoing=0&ftp=0&http=6572&http_homedir=0&http_ul=1983&imap=0&other=0&pop=0&total=6572
2021 01 18=da=0&email=0&email_count=0&email_count_incoming=0&email_count_outgoing=0&ftp=0&http=16932&http_homedir=0&http_ul=4125&imap=0&other=0&pop=0&total=16932
2021 01 19=da=0&email=0&email_count=0&email_count_incoming=0&email_count_outgoing=0&ftp=0&http=23788&http_homedir=0&http_ul=10810&imap=0&other=0&pop=0&total=23788
2021 01 20=da=0&email=0&email_count=0&email_count_incoming=0&email_count_outgoing=0&ftp=0&http=4162&http_homedir=0&http_ul=1286&imap=0&other=0&pop=0&total=4162
2021 01 21=da=0&email=0&email_count=0&email_count_incoming=0&email_count_outgoing=0&ftp=0&http=69731&http_homedir=0&http_ul=22087&imap=0&other=0&pop=0&total=69731
2021 01 22=da=0&email=0&email_count=0&email_count_incoming=0&email_count_outgoing=0&ftp=0&http=2527&http_homedir=0&http_ul=657&imap=0&other=0&pop=0&total=2527
2021 01 23=da=0&email=0&email_count=0&email_count_incoming=0&email_count_outgoing=0&ftp=0&http=20439&http_homedir=0&http_ul=7088&imap=0&other=0&pop=0&total=20439
2021 01 24=da=0&email=0&email_count=0&email_count_incoming=0&email_count_outgoing=0&ftp=0&http=17948&http_homedir=0&http_ul=5580&imap=0&other=0&pop=0&total=17948
2021 01 25=da=78513229&email=0&email_count=0&email_count_incoming=0&email_count_outgoing=0&ftp=0&http=4358&http_homedir=0&http_ul=1822&imap=0&other=0&pop=0&total=78517587
2021 01 26=da=0&email=0&email_count=0&email_count_incoming=0&email_count_outgoing=0&ftp=0&http=12547&http_homedir=0&http_ul=4562&imap=0&other=0&pop=0&total=12547
2021 01 27=da=0&email=0&email_count=0&email_count_incoming=0&email_count_outgoing=0&ftp=0&http=1809&http_homedir=0&http_ul=458&imap=0&other=0&pop=0&total=1809
2021 01 28=da=0&email=0&email_count=0&email_count_incoming=0&email_count_outgoing=0&ftp=0&http=6478&http_homedir=0&http_ul=1425&imap=0&other=0&pop=0&total=6478
2021 01 29=da=0&email=0&email_count=0&email_count_incoming=0&email_count_outgoing=0&ftp=0&http=5930&http_homedir=0&http_ul=1557&imap=0&other=0&pop=0&total=5930
2021 01 30=da=0&email=0&email_count=0&email_count_incoming=0&email_count_outgoing=0&ftp=0&http=9890&http_homedir=0&http_ul=2607&imap=0&other=0&pop=0&total=9890
2021 01 31=da=0&email=0&email_count=0&email_count_incoming=0&email_count_outgoing=0&ftp=0&http=7665&http_homedir=0&http_ul=2799&imap=0&other=0&pop=0&total=7665
simpletotal=173841538
total=da=78513229&email=0&email_count=0&email_count_incoming=0&email_count_outgoing=0&ftp=78140406&http=17187903&http_ul=465413&imap=0&other=0&pop=0&total=173841538
