2021 08 10=da=0&email=0&email_count=0&email_count_incoming=0&email_count_outgoing=0&ftp=0&http=4240886&http_homedir=0&http_ul=1107583&imap=0&other=0&pop=0&total=4240886
2021 08 11=da=0&email=0&email_count=0&email_count_incoming=0&email_count_outgoing=0&ftp=0&http=16765&http_homedir=0&http_ul=2706&imap=0&other=0&pop=0&total=16765
2021 08 12=da=0&email=0&email_count=0&email_count_incoming=0&email_count_outgoing=0&ftp=0&http=93771&http_homedir=0&http_ul=26738&imap=0&other=0&pop=0&total=93771
2021 08 13=da=0&email=0&email_count=0&email_count_incoming=0&email_count_outgoing=0&ftp=0&http=13421&http_homedir=0&http_ul=3369&imap=0&other=0&pop=0&total=13421
2021 08 14=da=0&email=0&email_count=0&email_count_incoming=0&email_count_outgoing=0&ftp=0&http=8779&http_homedir=0&http_ul=1572&imap=0&other=0&pop=0&total=8779
2021 08 15=da=0&email=0&email_count=0&email_count_incoming=0&email_count_outgoing=0&ftp=0&http=86504&http_homedir=0&http_ul=23596&imap=0&other=0&pop=0&total=86504
2021 08 16=da=0&email=0&email_count=0&email_count_incoming=0&email_count_outgoing=0&ftp=0&http=30630&http_homedir=0&http_ul=9168&imap=0&other=0&pop=0&total=30630
2021 08 17=da=0&email=0&email_count=0&email_count_incoming=0&email_count_outgoing=0&ftp=0&http=17433&http_homedir=0&http_ul=3696&imap=0&other=0&pop=0&total=17433
2021 08 18=da=0&email=0&email_count=0&email_count_incoming=0&email_count_outgoing=0&ftp=0&http=39980&http_homedir=0&http_ul=11269&imap=0&other=0&pop=0&total=39980
2021 08 19=da=0&email=0&email_count=0&email_count_incoming=0&email_count_outgoing=0&ftp=0&http=78489&http_homedir=0&http_ul=23456&imap=0&other=0&pop=0&total=78489
2021 08 20=da=0&email=0&email_count=0&email_count_incoming=0&email_count_outgoing=0&ftp=0&http=79344&http_homedir=0&http_ul=19751&imap=0&other=0&pop=0&total=79344
2021 08 21=da=0&email=0&email_count=0&email_count_incoming=0&email_count_outgoing=0&ftp=0&http=30620&http_homedir=0&http_ul=6132&imap=0&other=0&pop=0&total=30620
2021 08 22=da=0&email=0&email_count=0&email_count_incoming=0&email_count_outgoing=0&ftp=0&http=52589&http_homedir=0&http_ul=12579&imap=0&other=0&pop=0&total=52589
2021 08 23=da=0&email=0&email_count=0&email_count_incoming=0&email_count_outgoing=0&ftp=0&http=63068&http_homedir=0&http_ul=18269&imap=0&other=0&pop=0&total=63068
2021 08 24=da=0&email=0&email_count=0&email_count_incoming=0&email_count_outgoing=0&ftp=0&http=35991&http_homedir=0&http_ul=5261&imap=0&other=0&pop=0&total=35991
2021 08 25=da=0&email=0&email_count=0&email_count_incoming=0&email_count_outgoing=0&ftp=0&http=166422&http_homedir=0&http_ul=50235&imap=0&other=0&pop=0&total=166422
2021 08 26=da=0&email=0&email_count=0&email_count_incoming=0&email_count_outgoing=0&ftp=0&http=42785&http_homedir=0&http_ul=11183&imap=0&other=0&pop=0&total=42785
2021 08 27=da=0&email=0&email_count=0&email_count_incoming=0&email_count_outgoing=0&ftp=0&http=26175&http_homedir=0&http_ul=7782&imap=0&other=0&pop=0&total=26175
2021 08 28=da=0&email=0&email_count=0&email_count_incoming=0&email_count_outgoing=0&ftp=0&http=90535&http_homedir=0&http_ul=25321&imap=0&other=0&pop=0&total=90535
2021 08 29=da=0&email=0&email_count=0&email_count_incoming=0&email_count_outgoing=0&ftp=0&http=56062&http_homedir=0&http_ul=15889&imap=0&other=0&pop=0&total=56062
2021 08 30=da=0&email=0&email_count=0&email_count_incoming=0&email_count_outgoing=0&ftp=0&http=58986&http_homedir=0&http_ul=16957&imap=0&other=0&pop=0&total=58986
2021 08 31=da=0&email=0&email_count=0&email_count_incoming=0&email_count_outgoing=0&ftp=0&http=63566&http_homedir=0&http_ul=17799&imap=0&other=0&pop=0&total=63566
simpletotal=5392801
total=da=0&email=0&email_count=0&email_count_incoming=0&email_count_outgoing=0&ftp=0&http=5392801&http_ul=1420311&imap=0&other=0&pop=0&total=5392801
