2019 11 01=da=0&email=0&email_count=0&email_count_incoming=0&email_count_outgoing=0&ftp=0&http=6576762&http_homedir=0&http_ul=356298&imap=0&other=0&pop=0&total=6576762
2019 11 02=da=0&email=0&email_count=0&email_count_incoming=0&email_count_outgoing=0&ftp=0&http=4078913&http_homedir=0&http_ul=278766&imap=0&other=0&pop=0&total=4078913
2019 11 03=da=0&email=0&email_count=0&email_count_incoming=0&email_count_outgoing=0&ftp=0&http=776505&http_homedir=0&http_ul=58193&imap=0&other=0&pop=0&total=776505
2019 11 04=da=0&email=0&email_count=0&email_count_incoming=0&email_count_outgoing=0&ftp=0&http=4184594&http_homedir=2797&http_ul=61792&imap=0&other=0&pop=0&total=4184594
2019 11 05=da=0&email=0&email_count=0&email_count_incoming=0&email_count_outgoing=0&ftp=688946866&http=1146018&http_homedir=0&http_ul=55455&imap=0&other=0&pop=0&total=690092884
2019 11 06=da=0&email=0&email_count=0&email_count_incoming=0&email_count_outgoing=0&ftp=7773&http=236807&http_homedir=0&http_ul=16686&imap=0&other=0&pop=0&total=244580
2019 11 07=da=0&email=0&email_count=0&email_count_incoming=0&email_count_outgoing=0&ftp=0&http=3598008&http_homedir=0&http_ul=28915&imap=0&other=0&pop=0&total=3598008
2019 11 08=da=0&email=0&email_count=0&email_count_incoming=0&email_count_outgoing=0&ftp=0&http=176533&http_homedir=0&http_ul=12516&imap=0&other=0&pop=0&total=176533
2019 11 09=da=0&email=0&email_count=0&email_count_incoming=0&email_count_outgoing=0&ftp=0&http=141497&http_homedir=0&http_ul=8201&imap=0&other=0&pop=0&total=141497
2019 11 10=da=0&email=0&email_count=0&email_count_incoming=0&email_count_outgoing=0&ftp=0&http=220081&http_homedir=0&http_ul=18462&imap=0&other=0&pop=0&total=220081
2019 11 11=da=0&email=0&email_count=0&email_count_incoming=0&email_count_outgoing=0&ftp=0&http=3514948&http_homedir=0&http_ul=27169&imap=0&other=0&pop=0&total=3514948
2019 11 12=da=0&email=0&email_count=0&email_count_incoming=0&email_count_outgoing=0&ftp=0&http=1370180&http_homedir=0&http_ul=87665&imap=0&other=0&pop=0&total=1370180
2019 11 13=da=0&email=0&email_count=0&email_count_incoming=0&email_count_outgoing=0&ftp=0&http=1409687&http_homedir=0&http_ul=15975&imap=0&other=0&pop=0&total=1409687
2019 11 14=da=0&email=0&email_count=0&email_count_incoming=0&email_count_outgoing=0&ftp=0&http=732133&http_homedir=0&http_ul=24377&imap=0&other=0&pop=0&total=732133
2019 11 15=da=0&email=0&email_count=0&email_count_incoming=0&email_count_outgoing=0&ftp=0&http=8414372&http_homedir=0&http_ul=66750&imap=0&other=0&pop=0&total=8414372
2019 11 16=da=0&email=0&email_count=0&email_count_incoming=0&email_count_outgoing=0&ftp=0&http=5560990&http_homedir=0&http_ul=35818&imap=0&other=0&pop=0&total=5560990
2019 11 17=da=0&email=0&email_count=0&email_count_incoming=0&email_count_outgoing=0&ftp=0&http=846364&http_homedir=0&http_ul=38785&imap=0&other=0&pop=0&total=846364
2019 11 18=da=0&email=0&email_count=0&email_count_incoming=0&email_count_outgoing=0&ftp=0&http=4399547&http_homedir=0&http_ul=67021&imap=0&other=0&pop=0&total=4399547
2019 11 19=da=0&email=0&email_count=0&email_count_incoming=0&email_count_outgoing=0&ftp=0&http=10043262&http_homedir=0&http_ul=64335&imap=0&other=0&pop=0&total=10043262
2019 11 20=da=0&email=0&email_count=0&email_count_incoming=0&email_count_outgoing=0&ftp=0&http=168553&http_homedir=0&http_ul=14330&imap=0&other=0&pop=0&total=168553
2019 11 21=da=0&email=0&email_count=0&email_count_incoming=0&email_count_outgoing=0&ftp=0&http=6503126&http_homedir=3181224&http_ul=44721&imap=0&other=0&pop=0&total=6503126
2019 11 22=da=0&email=0&email_count=0&email_count_incoming=0&email_count_outgoing=0&ftp=0&http=7334052&http_homedir=0&http_ul=58436&imap=0&other=0&pop=0&total=7334052
2019 11 23=da=0&email=0&email_count=0&email_count_incoming=0&email_count_outgoing=0&ftp=0&http=2477152&http_homedir=0&http_ul=38805&imap=0&other=0&pop=0&total=2477152
2019 11 24=da=0&email=0&email_count=0&email_count_incoming=0&email_count_outgoing=0&ftp=0&http=500654&http_homedir=0&http_ul=3262&imap=0&other=0&pop=0&total=500654
2019 11 25=da=0&email=0&email_count=0&email_count_incoming=0&email_count_outgoing=0&ftp=0&http=2961103&http_homedir=0&http_ul=95001&imap=0&other=0&pop=0&total=2961103
2019 11 26=da=0&email=0&email_count=0&email_count_incoming=0&email_count_outgoing=0&ftp=12488&http=1140696&http_homedir=0&http_ul=11554&imap=0&other=0&pop=0&total=1153184
2019 11 27=da=339765&email=0&email_count=0&email_count_incoming=0&email_count_outgoing=0&ftp=702954&http=7697662&http_homedir=7697662&http_ul=0&imap=0&other=0&pop=0&total=8740381
2019 11 28=da=0&email=0&email_count=0&email_count_incoming=0&email_count_outgoing=0&ftp=0&http=0&http_homedir=0&http_ul=0&imap=0&other=0&pop=0&total=0
2019 11 29=da=0&email=0&email_count=0&email_count_incoming=0&email_count_outgoing=0&ftp=0&http=4616983&http_homedir=4616983&http_ul=0&imap=0&other=0&pop=0&total=4616983
simpletotal=780837028
total=da=339765&email=0&email_count=0&email_count_incoming=0&email_count_outgoing=0&ftp=689670081&http=90827182&http_ul=1589288&imap=0&other=0&pop=0&total=780837028
