2019 12 01=da=0&email=0&email_count=0&email_count_incoming=0&email_count_outgoing=0&ftp=0&http=0&http_homedir=0&http_ul=0&imap=0&other=0&pop=0&total=0
2019 12 02=da=0&email=0&email_count=0&email_count_incoming=0&email_count_outgoing=0&ftp=0&http=0&http_homedir=0&http_ul=0&imap=0&other=0&pop=0&total=0
2019 12 03=da=0&email=0&email_count=0&email_count_incoming=0&email_count_outgoing=0&ftp=0&http=0&http_homedir=0&http_ul=0&imap=0&other=0&pop=0&total=0
2019 12 04=da=0&email=0&email_count=0&email_count_incoming=0&email_count_outgoing=0&ftp=0&http=0&http_homedir=0&http_ul=0&imap=0&other=0&pop=0&total=0
2019 12 05=da=0&email=0&email_count=0&email_count_incoming=0&email_count_outgoing=0&ftp=0&http=0&http_homedir=0&http_ul=0&imap=0&other=0&pop=0&total=0
2019 12 06=da=0&email=0&email_count=0&email_count_incoming=0&email_count_outgoing=0&ftp=0&http=0&http_homedir=0&http_ul=0&imap=0&other=0&pop=0&total=0
2019 12 07=da=0&email=0&email_count=0&email_count_incoming=0&email_count_outgoing=0&ftp=0&http=0&http_homedir=0&http_ul=0&imap=0&other=0&pop=0&total=0
2019 12 08=da=0&email=0&email_count=0&email_count_incoming=0&email_count_outgoing=0&ftp=0&http=0&http_homedir=0&http_ul=0&imap=0&other=0&pop=0&total=0
2019 12 09=da=130293&email=0&email_count=0&email_count_incoming=0&email_count_outgoing=0&ftp=0&http=42481375&http_homedir=42481375&http_ul=0&imap=0&other=0&pop=0&total=42611668
2019 12 10=da=267835&email=0&email_count=0&email_count_incoming=0&email_count_outgoing=0&ftp=0&http=1783355&http_homedir=1783355&http_ul=0&imap=0&other=0&pop=0&total=2051190
2019 12 11=da=0&email=0&email_count=0&email_count_incoming=0&email_count_outgoing=0&ftp=0&http=0&http_homedir=0&http_ul=0&imap=0&other=0&pop=0&total=0
2019 12 12=da=0&email=0&email_count=0&email_count_incoming=0&email_count_outgoing=0&ftp=0&http=3701618&http_homedir=3701618&http_ul=0&imap=0&other=0&pop=0&total=3701618
2019 12 13=da=0&email=0&email_count=0&email_count_incoming=0&email_count_outgoing=0&ftp=0&http=0&http_homedir=0&http_ul=0&imap=0&other=0&pop=0&total=0
2019 12 14=da=0&email=0&email_count=0&email_count_incoming=0&email_count_outgoing=0&ftp=0&http=0&http_homedir=0&http_ul=0&imap=0&other=0&pop=0&total=0
2019 12 15=da=0&email=0&email_count=0&email_count_incoming=0&email_count_outgoing=0&ftp=0&http=0&http_homedir=0&http_ul=0&imap=0&other=0&pop=0&total=0
2019 12 16=da=0&email=0&email_count=0&email_count_incoming=0&email_count_outgoing=0&ftp=0&http=0&http_homedir=0&http_ul=0&imap=0&other=0&pop=0&total=0
2019 12 17=da=0&email=0&email_count=0&email_count_incoming=0&email_count_outgoing=0&ftp=0&http=4870879&http_homedir=4870879&http_ul=0&imap=0&other=0&pop=0&total=4870879
2019 12 18=da=0&email=0&email_count=0&email_count_incoming=0&email_count_outgoing=0&ftp=0&http=13791602&http_homedir=13791602&http_ul=0&imap=0&other=0&pop=0&total=13791602
2019 12 19=da=837425&email=0&email_count=0&email_count_incoming=0&email_count_outgoing=0&ftp=451213344&http=8475862&http_homedir=8475862&http_ul=0&imap=0&other=0&pop=0&total=460526631
2019 12 20=da=0&email=0&email_count=0&email_count_incoming=0&email_count_outgoing=0&ftp=0&http=0&http_homedir=0&http_ul=0&imap=0&other=0&pop=0&total=0
2019 12 21=da=0&email=0&email_count=0&email_count_incoming=0&email_count_outgoing=0&ftp=273664214&http=184172612&http_homedir=184172612&http_ul=0&imap=0&other=0&pop=0&total=457836826
2019 12 22=da=0&email=0&email_count=0&email_count_incoming=0&email_count_outgoing=0&ftp=641951&http=5992145&http_homedir=5992145&http_ul=0&imap=0&other=0&pop=0&total=6634096
2019 12 23=da=703838&email=0&email_count=0&email_count_incoming=0&email_count_outgoing=0&ftp=42411539&http=26596147&http_homedir=26596147&http_ul=0&imap=0&other=0&pop=0&total=69711524
2019 12 24=da=0&email=0&email_count=0&email_count_incoming=0&email_count_outgoing=0&ftp=2903310&http=28910378&http_homedir=28910378&http_ul=0&imap=0&other=0&pop=0&total=31813688
2019 12 25=da=0&email=0&email_count=0&email_count_incoming=0&email_count_outgoing=0&ftp=1912309&http=38746823&http_homedir=38746823&http_ul=0&imap=0&other=0&pop=0&total=40659132
2019 12 26=da=0&email=0&email_count=0&email_count_incoming=0&email_count_outgoing=0&ftp=0&http=0&http_homedir=0&http_ul=0&imap=0&other=0&pop=0&total=0
2019 12 27=da=0&email=0&email_count=0&email_count_incoming=0&email_count_outgoing=0&ftp=1165344&http=28196596&http_homedir=28196596&http_ul=0&imap=0&other=0&pop=0&total=29361940
2019 12 28=da=0&email=0&email_count=0&email_count_incoming=0&email_count_outgoing=0&ftp=0&http=0&http_homedir=0&http_ul=0&imap=0&other=0&pop=0&total=0
2019 12 29=da=0&email=0&email_count=0&email_count_incoming=0&email_count_outgoing=0&ftp=0&http=0&http_homedir=0&http_ul=0&imap=0&other=0&pop=0&total=0
2019 12 30=da=0&email=0&email_count=0&email_count_incoming=0&email_count_outgoing=0&ftp=1689590&http=10758760&http_homedir=10758760&http_ul=0&imap=0&other=0&pop=0&total=12448350
simpletotal=1176019144
total=da=1939391&email=0&email_count=0&email_count_incoming=0&email_count_outgoing=0&ftp=775601601&http=398478152&http_ul=0&imap=0&other=0&pop=0&total=1176019144
