2019 10 01=da=0&email=0&email_count=0&email_count_incoming=0&email_count_outgoing=0&ftp=0&http=503017&http_homedir=0&http_ul=21522&imap=0&other=0&pop=0&total=503017
2019 10 02=da=0&email=0&email_count=0&email_count_incoming=0&email_count_outgoing=0&ftp=0&http=728255&http_homedir=0&http_ul=24771&imap=0&other=0&pop=0&total=728255
2019 10 03=da=0&email=0&email_count=0&email_count_incoming=0&email_count_outgoing=0&ftp=0&http=2260146&http_homedir=0&http_ul=73388&imap=0&other=0&pop=0&total=2260146
2019 10 04=da=0&email=0&email_count=0&email_count_incoming=0&email_count_outgoing=0&ftp=0&http=175496&http_homedir=0&http_ul=13766&imap=0&other=0&pop=0&total=175496
2019 10 05=da=0&email=0&email_count=0&email_count_incoming=0&email_count_outgoing=0&ftp=0&http=691320&http_homedir=0&http_ul=23958&imap=0&other=0&pop=0&total=691320
2019 10 06=da=0&email=0&email_count=0&email_count_incoming=0&email_count_outgoing=0&ftp=0&http=1091561&http_homedir=0&http_ul=28395&imap=0&other=0&pop=0&total=1091561
2019 10 07=da=0&email=0&email_count=0&email_count_incoming=0&email_count_outgoing=0&ftp=0&http=68830&http_homedir=0&http_ul=1498&imap=0&other=0&pop=0&total=68830
2019 10 08=da=0&email=0&email_count=0&email_count_incoming=0&email_count_outgoing=0&ftp=0&http=6961135&http_homedir=0&http_ul=98013&imap=0&other=0&pop=0&total=6961135
2019 10 09=da=0&email=0&email_count=0&email_count_incoming=0&email_count_outgoing=0&ftp=0&http=116622&http_homedir=0&http_ul=5214&imap=0&other=0&pop=0&total=116622
2019 10 10=da=0&email=0&email_count=0&email_count_incoming=0&email_count_outgoing=0&ftp=0&http=35586&http_homedir=0&http_ul=1722&imap=0&other=0&pop=0&total=35586
2019 10 11=da=0&email=0&email_count=0&email_count_incoming=0&email_count_outgoing=0&ftp=0&http=445237&http_homedir=0&http_ul=26736&imap=0&other=0&pop=0&total=445237
2019 10 12=da=0&email=0&email_count=0&email_count_incoming=0&email_count_outgoing=0&ftp=0&http=3634819&http_homedir=0&http_ul=50379&imap=0&other=0&pop=0&total=3634819
2019 10 13=da=0&email=0&email_count=0&email_count_incoming=0&email_count_outgoing=0&ftp=0&http=6497335&http_homedir=0&http_ul=12768&imap=0&other=0&pop=0&total=6497335
2019 10 14=da=0&email=0&email_count=0&email_count_incoming=0&email_count_outgoing=0&ftp=0&http=328635&http_homedir=0&http_ul=14833&imap=0&other=0&pop=0&total=328635
2019 10 15=da=0&email=0&email_count=0&email_count_incoming=0&email_count_outgoing=0&ftp=0&http=3631653&http_homedir=0&http_ul=92700&imap=0&other=0&pop=0&total=3631653
2019 10 16=da=0&email=0&email_count=0&email_count_incoming=0&email_count_outgoing=0&ftp=7773&http=389500&http_homedir=0&http_ul=10423&imap=0&other=0&pop=0&total=397273
2019 10 17=da=0&email=0&email_count=0&email_count_incoming=0&email_count_outgoing=0&ftp=22463&http=586604&http_homedir=0&http_ul=20965&imap=0&other=0&pop=0&total=609067
2019 10 18=da=0&email=0&email_count=0&email_count_incoming=0&email_count_outgoing=0&ftp=0&http=655953&http_homedir=0&http_ul=23786&imap=0&other=0&pop=0&total=655953
2019 10 19=da=0&email=0&email_count=0&email_count_incoming=0&email_count_outgoing=0&ftp=0&http=167060&http_homedir=0&http_ul=11365&imap=0&other=0&pop=0&total=167060
2019 10 20=da=0&email=0&email_count=0&email_count_incoming=0&email_count_outgoing=0&ftp=0&http=77119&http_homedir=0&http_ul=7935&imap=0&other=0&pop=0&total=77119
2019 10 21=da=0&email=0&email_count=0&email_count_incoming=0&email_count_outgoing=0&ftp=0&http=1882565&http_homedir=0&http_ul=54447&imap=0&other=0&pop=0&total=1882565
2019 10 22=da=0&email=0&email_count=0&email_count_incoming=0&email_count_outgoing=0&ftp=0&http=148924&http_homedir=0&http_ul=15417&imap=0&other=0&pop=0&total=148924
2019 10 23=da=351625&email=0&email_count=0&email_count_incoming=0&email_count_outgoing=0&ftp=0&http=13630634&http_homedir=0&http_ul=152561&imap=0&other=0&pop=0&total=13982259
2019 10 24=da=0&email=0&email_count=0&email_count_incoming=0&email_count_outgoing=0&ftp=0&http=252463&http_homedir=0&http_ul=16577&imap=0&other=0&pop=0&total=252463
2019 10 25=da=0&email=0&email_count=0&email_count_incoming=0&email_count_outgoing=0&ftp=313229298&http=5524990&http_homedir=5261365&http_ul=23330&imap=0&other=0&pop=0&total=318754288
2019 10 26=da=0&email=0&email_count=0&email_count_incoming=0&email_count_outgoing=0&ftp=0&http=6449807&http_homedir=0&http_ul=20168&imap=0&other=0&pop=0&total=6449807
2019 10 27=da=0&email=0&email_count=0&email_count_incoming=0&email_count_outgoing=0&ftp=0&http=3064054&http_homedir=0&http_ul=157584&imap=0&other=0&pop=0&total=3064054
2019 10 28=da=0&email=0&email_count=0&email_count_incoming=0&email_count_outgoing=0&ftp=681748646&http=33738942&http_homedir=11126577&http_ul=461981&imap=0&other=0&pop=0&total=715487588
2019 10 29=da=0&email=0&email_count=0&email_count_incoming=0&email_count_outgoing=0&ftp=0&http=4341045&http_homedir=0&http_ul=356381&imap=0&other=0&pop=0&total=4341045
2019 10 30=da=0&email=0&email_count=0&email_count_incoming=0&email_count_outgoing=0&ftp=352807599&http=6322406&http_homedir=0&http_ul=416795&imap=0&other=0&pop=0&total=359130005
simpletotal=1452569117
total=da=351625&email=0&email_count=0&email_count_incoming=0&email_count_outgoing=0&ftp=1347815779&http=104401713&http_ul=2239378&imap=0&other=0&pop=0&total=1452569117
