2020 04 01=da=0&email=0&email_count=0&email_count_incoming=0&email_count_outgoing=0&ftp=116421352&http=5357485&http_homedir=0&http_ul=546698&imap=0&other=0&pop=0&total=121778837
2020 04 02=da=0&email=0&email_count=0&email_count_incoming=0&email_count_outgoing=0&ftp=0&http=266525&http_homedir=0&http_ul=3909&imap=0&other=0&pop=0&total=266525
2020 04 03=da=0&email=0&email_count=0&email_count_incoming=0&email_count_outgoing=0&ftp=2617636&http=29648277&http_homedir=0&http_ul=1016675&imap=0&other=0&pop=0&total=32265913
2020 04 04=da=0&email=0&email_count=0&email_count_incoming=0&email_count_outgoing=0&ftp=0&http=0&http_homedir=0&http_ul=0&imap=0&other=0&pop=0&total=0
2020 04 05=da=2482217&email=0&email_count=0&email_count_incoming=0&email_count_outgoing=0&ftp=0&http=5449063&http_homedir=0&http_ul=199021&imap=0&other=0&pop=0&total=7931280
2020 04 06=da=0&email=0&email_count=0&email_count_incoming=0&email_count_outgoing=0&ftp=4860440&http=60585307&http_homedir=0&http_ul=2645092&imap=0&other=0&pop=0&total=65445747
2020 04 07=da=3559902&email=0&email_count=0&email_count_incoming=0&email_count_outgoing=0&ftp=586858075&http=18648200&http_homedir=0&http_ul=691662&imap=0&other=0&pop=0&total=609066177
2020 04 08=da=0&email=0&email_count=0&email_count_incoming=0&email_count_outgoing=0&ftp=370911776&http=14167989&http_homedir=0&http_ul=328397&imap=0&other=0&pop=0&total=385079765
2020 04 09=da=77590&email=0&email_count=0&email_count_incoming=0&email_count_outgoing=0&ftp=399999972&http=4061989&http_homedir=0&http_ul=90189&imap=0&other=0&pop=0&total=404139551
2020 04 10=da=0&email=0&email_count=0&email_count_incoming=0&email_count_outgoing=0&ftp=55094&http=3625161&http_homedir=0&http_ul=100808&imap=0&other=0&pop=0&total=3680255
2020 04 11=da=0&email=0&email_count=0&email_count_incoming=0&email_count_outgoing=0&ftp=0&http=3919545&http_homedir=0&http_ul=6844&imap=0&other=0&pop=0&total=3919545
2020 04 12=da=0&email=0&email_count=0&email_count_incoming=0&email_count_outgoing=0&ftp=0&http=202610&http_homedir=0&http_ul=708&imap=0&other=0&pop=0&total=202610
2020 04 13=da=0&email=0&email_count=0&email_count_incoming=0&email_count_outgoing=0&ftp=116574753&http=21010607&http_homedir=0&http_ul=2058869&imap=0&other=0&pop=0&total=137585360
2020 04 14=da=0&email=0&email_count=0&email_count_incoming=0&email_count_outgoing=0&ftp=2393241&http=20470707&http_homedir=0&http_ul=3524495&imap=0&other=0&pop=0&total=22863948
2020 04 15=da=2005609&email=0&email_count=0&email_count_incoming=0&email_count_outgoing=0&ftp=313214&http=5524702&http_homedir=0&http_ul=728603&imap=0&other=0&pop=0&total=7843525
2020 04 16=da=0&email=0&email_count=0&email_count_incoming=0&email_count_outgoing=0&ftp=115582486&http=11508&http_homedir=0&http_ul=503&imap=0&other=0&pop=0&total=115593994
2020 04 17=da=0&email=0&email_count=0&email_count_incoming=0&email_count_outgoing=0&ftp=21181&http=654175&http_homedir=0&http_ul=2467&imap=0&other=0&pop=0&total=675356
2020 04 18=da=0&email=0&email_count=0&email_count_incoming=0&email_count_outgoing=0&ftp=0&http=437616&http_homedir=0&http_ul=1710&imap=0&other=0&pop=0&total=437616
2020 04 19=da=0&email=0&email_count=0&email_count_incoming=0&email_count_outgoing=0&ftp=43225&http=4397217&http_homedir=0&http_ul=486019&imap=0&other=0&pop=0&total=4440442
2020 04 20=da=0&email=0&email_count=0&email_count_incoming=0&email_count_outgoing=0&ftp=27858&http=576415&http_homedir=0&http_ul=58422&imap=0&other=0&pop=0&total=604273
2020 04 21=da=0&email=0&email_count=0&email_count_incoming=0&email_count_outgoing=0&ftp=5357807&http=35986682&http_homedir=0&http_ul=3169057&imap=0&other=0&pop=0&total=41344489
2020 04 22=da=0&email=0&email_count=0&email_count_incoming=0&email_count_outgoing=0&ftp=120933&http=8107307&http_homedir=0&http_ul=489483&imap=0&other=0&pop=0&total=8228240
2020 04 23=da=0&email=0&email_count=0&email_count_incoming=0&email_count_outgoing=0&ftp=331716863&http=264028&http_homedir=0&http_ul=2992&imap=0&other=0&pop=0&total=331980891
2020 04 24=da=0&email=0&email_count=0&email_count_incoming=0&email_count_outgoing=0&ftp=0&http=274231&http_homedir=0&http_ul=2778&imap=0&other=0&pop=0&total=274231
2020 04 25=da=0&email=0&email_count=0&email_count_incoming=0&email_count_outgoing=0&ftp=0&http=299345&http_homedir=0&http_ul=1609&imap=0&other=0&pop=0&total=299345
2020 04 26=da=0&email=0&email_count=0&email_count_incoming=0&email_count_outgoing=0&ftp=0&http=721016&http_homedir=0&http_ul=10893&imap=0&other=0&pop=0&total=721016
2020 04 27=da=0&email=0&email_count=0&email_count_incoming=0&email_count_outgoing=0&ftp=0&http=9695&http_homedir=0&http_ul=203&imap=0&other=0&pop=0&total=9695
2020 04 28=da=0&email=0&email_count=0&email_count_incoming=0&email_count_outgoing=0&ftp=0&http=41225&http_homedir=0&http_ul=3706&imap=0&other=0&pop=0&total=41225
2020 04 29=da=0&email=0&email_count=0&email_count_incoming=0&email_count_outgoing=0&ftp=0&http=243133&http_homedir=0&http_ul=11755&imap=0&other=0&pop=0&total=243133
simpletotal=2306962984
total=da=8125318&email=0&email_count=0&email_count_incoming=0&email_count_outgoing=0&ftp=2053875906&http=244961760&http_ul=16183567&imap=0&other=0&pop=0&total=2306962984
