2020 12 01=da=0&email=0&email_count=0&email_count_incoming=0&email_count_outgoing=0&ftp=0&http=68885&http_homedir=0&http_ul=2848&imap=0&other=0&pop=0&total=68885
2020 12 02=da=0&email=0&email_count=0&email_count_incoming=0&email_count_outgoing=0&ftp=0&http=34176&http_homedir=0&http_ul=1562&imap=0&other=0&pop=0&total=34176
2020 12 03=da=0&email=0&email_count=0&email_count_incoming=0&email_count_outgoing=0&ftp=0&http=41249&http_homedir=0&http_ul=1752&imap=0&other=0&pop=0&total=41249
2020 12 04=da=0&email=0&email_count=0&email_count_incoming=0&email_count_outgoing=0&ftp=0&http=53397&http_homedir=0&http_ul=2262&imap=0&other=0&pop=0&total=53397
2020 12 05=da=0&email=0&email_count=0&email_count_incoming=0&email_count_outgoing=0&ftp=0&http=48971&http_homedir=0&http_ul=956&imap=0&other=0&pop=0&total=48971
2020 12 06=da=0&email=0&email_count=0&email_count_incoming=0&email_count_outgoing=0&ftp=0&http=272260&http_homedir=0&http_ul=5087&imap=0&other=0&pop=0&total=272260
2020 12 07=da=0&email=0&email_count=0&email_count_incoming=0&email_count_outgoing=0&ftp=0&http=493371&http_homedir=0&http_ul=4542&imap=0&other=0&pop=0&total=493371
2020 12 08=da=0&email=0&email_count=0&email_count_incoming=0&email_count_outgoing=0&ftp=0&http=96224&http_homedir=0&http_ul=6449&imap=0&other=0&pop=0&total=96224
2020 12 09=da=0&email=0&email_count=0&email_count_incoming=0&email_count_outgoing=0&ftp=0&http=65238&http_homedir=0&http_ul=4894&imap=0&other=0&pop=0&total=65238
2020 12 10=da=0&email=0&email_count=0&email_count_incoming=0&email_count_outgoing=0&ftp=77874910&http=79070&http_homedir=0&http_ul=4428&imap=0&other=0&pop=0&total=77953980
2020 12 11=da=0&email=0&email_count=0&email_count_incoming=0&email_count_outgoing=0&ftp=1608145&http=28261312&http_homedir=0&http_ul=436090&imap=0&other=0&pop=0&total=29869457
2020 12 12=da=0&email=0&email_count=0&email_count_incoming=0&email_count_outgoing=0&ftp=0&http=8172&http_homedir=0&http_ul=2762&imap=0&other=0&pop=0&total=8172
2020 12 13=da=0&email=0&email_count=0&email_count_incoming=0&email_count_outgoing=0&ftp=0&http=5284&http_homedir=0&http_ul=2174&imap=0&other=0&pop=0&total=5284
2020 12 14=da=0&email=0&email_count=0&email_count_incoming=0&email_count_outgoing=0&ftp=1348678&http=5903666&http_homedir=0&http_ul=206479&imap=0&other=0&pop=0&total=7252344
2020 12 15=da=0&email=0&email_count=0&email_count_incoming=0&email_count_outgoing=0&ftp=2084458&http=3327392&http_homedir=0&http_ul=136659&imap=0&other=0&pop=0&total=5411850
2020 12 16=da=0&email=0&email_count=0&email_count_incoming=0&email_count_outgoing=0&ftp=0&http=5589&http_homedir=0&http_ul=1979&imap=0&other=0&pop=0&total=5589
2020 12 17=da=0&email=0&email_count=0&email_count_incoming=0&email_count_outgoing=0&ftp=0&http=7487&http_homedir=0&http_ul=2077&imap=0&other=0&pop=0&total=7487
2020 12 18=da=0&email=0&email_count=0&email_count_incoming=0&email_count_outgoing=0&ftp=0&http=4074&http_homedir=0&http_ul=1910&imap=0&other=0&pop=0&total=4074
2020 12 19=da=0&email=0&email_count=0&email_count_incoming=0&email_count_outgoing=0&ftp=0&http=9643&http_homedir=0&http_ul=2312&imap=0&other=0&pop=0&total=9643
2020 12 20=da=0&email=0&email_count=0&email_count_incoming=0&email_count_outgoing=0&ftp=0&http=7608&http_homedir=0&http_ul=3116&imap=0&other=0&pop=0&total=7608
2020 12 21=da=0&email=0&email_count=0&email_count_incoming=0&email_count_outgoing=0&ftp=0&http=4345&http_homedir=0&http_ul=1550&imap=0&other=0&pop=0&total=4345
2020 12 22=da=0&email=0&email_count=0&email_count_incoming=0&email_count_outgoing=0&ftp=0&http=10050&http_homedir=0&http_ul=2620&imap=0&other=0&pop=0&total=10050
2020 12 23=da=0&email=0&email_count=0&email_count_incoming=0&email_count_outgoing=0&ftp=0&http=2801&http_homedir=0&http_ul=1078&imap=0&other=0&pop=0&total=2801
2020 12 24=da=0&email=0&email_count=0&email_count_incoming=0&email_count_outgoing=0&ftp=25174&http=14184853&http_homedir=0&http_ul=386954&imap=0&other=0&pop=0&total=14210027
2020 12 25=da=0&email=0&email_count=0&email_count_incoming=0&email_count_outgoing=0&ftp=0&http=3555036&http_homedir=0&http_ul=67785&imap=0&other=0&pop=0&total=3555036
2020 12 26=da=0&email=0&email_count=0&email_count_incoming=0&email_count_outgoing=0&ftp=0&http=2472&http_homedir=0&http_ul=593&imap=0&other=0&pop=0&total=2472
2020 12 27=da=0&email=0&email_count=0&email_count_incoming=0&email_count_outgoing=0&ftp=0&http=7657&http_homedir=0&http_ul=1821&imap=0&other=0&pop=0&total=7657
2020 12 28=da=0&email=0&email_count=0&email_count_incoming=0&email_count_outgoing=0&ftp=0&http=2961&http_homedir=0&http_ul=711&imap=0&other=0&pop=0&total=2961
2020 12 29=da=0&email=0&email_count=0&email_count_incoming=0&email_count_outgoing=0&ftp=0&http=1033750&http_homedir=0&http_ul=15023&imap=0&other=0&pop=0&total=1033750
2020 12 30=da=0&email=0&email_count=0&email_count_incoming=0&email_count_outgoing=0&ftp=0&http=3208003&http_homedir=0&http_ul=65545&imap=0&other=0&pop=0&total=3208003
simpletotal=143746361
total=da=0&email=0&email_count=0&email_count_incoming=0&email_count_outgoing=0&ftp=82941365&http=60804996&http_ul=1374018&imap=0&other=0&pop=0&total=143746361
