2020 02 01=da=0&email=0&email_count=0&email_count_incoming=0&email_count_outgoing=0&ftp=0&http=0&http_homedir=0&http_ul=0&imap=0&other=0&pop=0&total=0
2020 02 02=da=0&email=0&email_count=0&email_count_incoming=0&email_count_outgoing=0&ftp=0&http=0&http_homedir=0&http_ul=0&imap=0&other=0&pop=0&total=0
2020 02 03=da=0&email=0&email_count=0&email_count_incoming=0&email_count_outgoing=0&ftp=9847&http=6013206&http_homedir=6013206&http_ul=0&imap=0&other=0&pop=0&total=6023053
2020 02 04=da=0&email=0&email_count=0&email_count_incoming=0&email_count_outgoing=0&ftp=9584&http=0&http_homedir=0&http_ul=0&imap=0&other=0&pop=0&total=9584
2020 02 05=da=0&email=0&email_count=0&email_count_incoming=0&email_count_outgoing=0&ftp=3650&http=4058594&http_homedir=4058594&http_ul=0&imap=0&other=0&pop=0&total=4062244
2020 02 06=da=0&email=0&email_count=0&email_count_incoming=0&email_count_outgoing=0&ftp=8407&http=0&http_homedir=0&http_ul=0&imap=0&other=0&pop=0&total=8407
2020 02 07=da=0&email=0&email_count=0&email_count_incoming=0&email_count_outgoing=0&ftp=0&http=0&http_homedir=0&http_ul=0&imap=0&other=0&pop=0&total=0
2020 02 08=da=0&email=0&email_count=0&email_count_incoming=0&email_count_outgoing=0&ftp=0&http=0&http_homedir=0&http_ul=0&imap=0&other=0&pop=0&total=0
2020 02 09=da=0&email=0&email_count=0&email_count_incoming=0&email_count_outgoing=0&ftp=0&http=0&http_homedir=0&http_ul=0&imap=0&other=0&pop=0&total=0
2020 02 10=da=0&email=0&email_count=0&email_count_incoming=0&email_count_outgoing=0&ftp=0&http=0&http_homedir=0&http_ul=0&imap=0&other=0&pop=0&total=0
2020 02 11=da=0&email=0&email_count=0&email_count_incoming=0&email_count_outgoing=0&ftp=0&http=0&http_homedir=0&http_ul=0&imap=0&other=0&pop=0&total=0
2020 02 12=da=0&email=0&email_count=0&email_count_incoming=0&email_count_outgoing=0&ftp=0&http=0&http_homedir=0&http_ul=0&imap=0&other=0&pop=0&total=0
2020 02 13=da=0&email=0&email_count=0&email_count_incoming=0&email_count_outgoing=0&ftp=0&http=0&http_homedir=0&http_ul=0&imap=0&other=0&pop=0&total=0
2020 02 14=da=0&email=0&email_count=0&email_count_incoming=0&email_count_outgoing=0&ftp=0&http=0&http_homedir=0&http_ul=0&imap=0&other=0&pop=0&total=0
2020 02 15=da=0&email=0&email_count=0&email_count_incoming=0&email_count_outgoing=0&ftp=0&http=0&http_homedir=0&http_ul=0&imap=0&other=0&pop=0&total=0
2020 02 16=da=0&email=0&email_count=0&email_count_incoming=0&email_count_outgoing=0&ftp=0&http=0&http_homedir=0&http_ul=0&imap=0&other=0&pop=0&total=0
2020 02 17=da=0&email=0&email_count=0&email_count_incoming=0&email_count_outgoing=0&ftp=338533962&http=4835912&http_homedir=4835912&http_ul=0&imap=0&other=0&pop=0&total=343369874
2020 02 18=da=0&email=0&email_count=0&email_count_incoming=0&email_count_outgoing=0&ftp=355470&http=3967266&http_homedir=3967266&http_ul=0&imap=0&other=0&pop=0&total=4322736
2020 02 19=da=0&email=0&email_count=0&email_count_incoming=0&email_count_outgoing=0&ftp=31414027&http=14316078&http_homedir=14316078&http_ul=0&imap=0&other=0&pop=0&total=45730105
2020 02 20=da=2183786&email=0&email_count=0&email_count_incoming=0&email_count_outgoing=0&ftp=6367877&http=92714342&http_homedir=92714342&http_ul=0&imap=0&other=0&pop=0&total=101266005
2020 02 21=da=0&email=0&email_count=0&email_count_incoming=0&email_count_outgoing=0&ftp=0&http=0&http_homedir=0&http_ul=0&imap=0&other=0&pop=0&total=0
2020 02 22=da=0&email=0&email_count=0&email_count_incoming=0&email_count_outgoing=0&ftp=0&http=4200889&http_homedir=4200889&http_ul=0&imap=0&other=0&pop=0&total=4200889
2020 02 23=da=0&email=0&email_count=0&email_count_incoming=0&email_count_outgoing=0&ftp=0&http=0&http_homedir=0&http_ul=0&imap=0&other=0&pop=0&total=0
2020 02 24=da=0&email=0&email_count=0&email_count_incoming=0&email_count_outgoing=0&ftp=0&http=0&http_homedir=0&http_ul=0&imap=0&other=0&pop=0&total=0
2020 02 25=da=0&email=0&email_count=0&email_count_incoming=0&email_count_outgoing=0&ftp=0&http=4311431&http_homedir=4311431&http_ul=0&imap=0&other=0&pop=0&total=4311431
2020 02 26=da=0&email=0&email_count=0&email_count_incoming=0&email_count_outgoing=0&ftp=1813021&http=31150573&http_homedir=31150573&http_ul=0&imap=0&other=0&pop=0&total=32963594
2020 02 27=da=0&email=0&email_count=0&email_count_incoming=0&email_count_outgoing=0&ftp=2125828&http=14356397&http_homedir=14356397&http_ul=0&imap=0&other=0&pop=0&total=16482225
2020 02 28=da=0&email=0&email_count=0&email_count_incoming=0&email_count_outgoing=0&ftp=802117&http=11070710&http_homedir=11070710&http_ul=0&imap=0&other=0&pop=0&total=11872827
simpletotal=574622974
total=da=2183786&email=0&email_count=0&email_count_incoming=0&email_count_outgoing=0&ftp=381443790&http=190995398&http_ul=0&imap=0&other=0&pop=0&total=574622974
