2020 10 01=da=0&email=0&email_count=0&email_count_incoming=0&email_count_outgoing=0&ftp=0&http=3973852&http_homedir=0&http_ul=75472&imap=0&other=0&pop=0&total=3973852
2020 10 02=da=0&email=0&email_count=0&email_count_incoming=0&email_count_outgoing=0&ftp=0&http=55245&http_homedir=0&http_ul=4068&imap=0&other=0&pop=0&total=55245
2020 10 03=da=0&email=0&email_count=0&email_count_incoming=0&email_count_outgoing=0&ftp=0&http=63907&http_homedir=0&http_ul=3241&imap=0&other=0&pop=0&total=63907
2020 10 04=da=0&email=0&email_count=0&email_count_incoming=0&email_count_outgoing=0&ftp=44056&http=0&http_homedir=0&http_ul=0&imap=0&other=0&pop=0&total=44056
2020 10 09=da=0&email=0&email_count=0&email_count_incoming=0&email_count_outgoing=0&ftp=119553385&http=12180386&http_homedir=0&http_ul=223668&imap=0&other=0&pop=0&total=131733771
2020 10 10=da=0&email=0&email_count=0&email_count_incoming=0&email_count_outgoing=0&ftp=0&http=122809&http_homedir=0&http_ul=8606&imap=0&other=0&pop=0&total=122809
2020 10 11=da=0&email=0&email_count=0&email_count_incoming=0&email_count_outgoing=0&ftp=0&http=66949&http_homedir=0&http_ul=9847&imap=0&other=0&pop=0&total=66949
2020 10 12=da=0&email=0&email_count=0&email_count_incoming=0&email_count_outgoing=0&ftp=0&http=384420&http_homedir=0&http_ul=4088&imap=0&other=0&pop=0&total=384420
2020 10 13=da=0&email=0&email_count=0&email_count_incoming=0&email_count_outgoing=0&ftp=347885581&http=26070&http_homedir=0&http_ul=3121&imap=0&other=0&pop=0&total=347911651
2020 10 14=da=0&email=0&email_count=0&email_count_incoming=0&email_count_outgoing=0&ftp=86436&http=257627&http_homedir=0&http_ul=3502&imap=0&other=0&pop=0&total=344063
2020 10 15=da=0&email=0&email_count=0&email_count_incoming=0&email_count_outgoing=0&ftp=0&http=34435&http_homedir=0&http_ul=2558&imap=0&other=0&pop=0&total=34435
2020 10 16=da=0&email=0&email_count=0&email_count_incoming=0&email_count_outgoing=0&ftp=0&http=222650&http_homedir=0&http_ul=2371&imap=0&other=0&pop=0&total=222650
2020 10 17=da=0&email=0&email_count=0&email_count_incoming=0&email_count_outgoing=0&ftp=0&http=4202965&http_homedir=0&http_ul=103490&imap=0&other=0&pop=0&total=4202965
2020 10 18=da=0&email=0&email_count=0&email_count_incoming=0&email_count_outgoing=0&ftp=0&http=43566&http_homedir=0&http_ul=3583&imap=0&other=0&pop=0&total=43566
2020 10 19=da=0&email=0&email_count=0&email_count_incoming=0&email_count_outgoing=0&ftp=0&http=60769&http_homedir=0&http_ul=2423&imap=0&other=0&pop=0&total=60769
2020 10 20=da=0&email=0&email_count=0&email_count_incoming=0&email_count_outgoing=0&ftp=0&http=31437&http_homedir=0&http_ul=2011&imap=0&other=0&pop=0&total=31437
2020 10 21=da=0&email=0&email_count=0&email_count_incoming=0&email_count_outgoing=0&ftp=0&http=61998&http_homedir=0&http_ul=6658&imap=0&other=0&pop=0&total=61998
2020 10 22=da=0&email=0&email_count=0&email_count_incoming=0&email_count_outgoing=0&ftp=0&http=46545&http_homedir=0&http_ul=4602&imap=0&other=0&pop=0&total=46545
2020 10 23=da=0&email=0&email_count=0&email_count_incoming=0&email_count_outgoing=0&ftp=0&http=66765&http_homedir=0&http_ul=3801&imap=0&other=0&pop=0&total=66765
2020 10 24=da=0&email=0&email_count=0&email_count_incoming=0&email_count_outgoing=0&ftp=0&http=23659&http_homedir=0&http_ul=1786&imap=0&other=0&pop=0&total=23659
2020 10 25=da=0&email=0&email_count=0&email_count_incoming=0&email_count_outgoing=0&ftp=0&http=58132&http_homedir=0&http_ul=4198&imap=0&other=0&pop=0&total=58132
2020 10 26=da=0&email=0&email_count=0&email_count_incoming=0&email_count_outgoing=0&ftp=0&http=50480&http_homedir=0&http_ul=2298&imap=0&other=0&pop=0&total=50480
2020 10 27=da=0&email=0&email_count=0&email_count_incoming=0&email_count_outgoing=0&ftp=0&http=30273&http_homedir=0&http_ul=1158&imap=0&other=0&pop=0&total=30273
2020 10 28=da=0&email=0&email_count=0&email_count_incoming=0&email_count_outgoing=0&ftp=0&http=32971&http_homedir=0&http_ul=1836&imap=0&other=0&pop=0&total=32971
2020 10 29=da=0&email=0&email_count=0&email_count_incoming=0&email_count_outgoing=0&ftp=0&http=86438&http_homedir=0&http_ul=6260&imap=0&other=0&pop=0&total=86438
2020 10 30=da=0&email=0&email_count=0&email_count_incoming=0&email_count_outgoing=0&ftp=0&http=2194059&http_homedir=0&http_ul=20718&imap=0&other=0&pop=0&total=2194059
simpletotal=491947865
total=da=0&email=0&email_count=0&email_count_incoming=0&email_count_outgoing=0&ftp=467569458&http=24378407&http_ul=505364&imap=0&other=0&pop=0&total=491947865
