2020 01 01=da=0&email=0&email_count=0&email_count_incoming=0&email_count_outgoing=0&ftp=0&http=0&http_homedir=0&http_ul=0&imap=0&other=0&pop=0&total=0
2020 01 02=da=0&email=0&email_count=0&email_count_incoming=0&email_count_outgoing=0&ftp=1549697&http=41227182&http_homedir=41227182&http_ul=0&imap=0&other=0&pop=0&total=42776879
2020 01 03=da=0&email=0&email_count=0&email_count_incoming=0&email_count_outgoing=0&ftp=2016497&http=24257556&http_homedir=24257556&http_ul=0&imap=0&other=0&pop=0&total=26274053
2020 01 04=da=0&email=0&email_count=0&email_count_incoming=0&email_count_outgoing=0&ftp=0&http=0&http_homedir=0&http_ul=0&imap=0&other=0&pop=0&total=0
2020 01 05=da=0&email=0&email_count=0&email_count_incoming=0&email_count_outgoing=0&ftp=0&http=0&http_homedir=0&http_ul=0&imap=0&other=0&pop=0&total=0
2020 01 06=da=0&email=0&email_count=0&email_count_incoming=0&email_count_outgoing=0&ftp=0&http=751989&http_homedir=751989&http_ul=0&imap=0&other=0&pop=0&total=751989
2020 01 07=da=0&email=0&email_count=0&email_count_incoming=0&email_count_outgoing=0&ftp=2654923&http=11681915&http_homedir=11681915&http_ul=0&imap=0&other=0&pop=0&total=14336838
2020 01 08=da=0&email=0&email_count=0&email_count_incoming=0&email_count_outgoing=0&ftp=1067771&http=4973064&http_homedir=4973064&http_ul=0&imap=0&other=0&pop=0&total=6040835
2020 01 09=da=213297&email=0&email_count=0&email_count_incoming=0&email_count_outgoing=0&ftp=24812524&http=18133539&http_homedir=18133539&http_ul=0&imap=0&other=0&pop=0&total=43159360
2020 01 10=da=0&email=0&email_count=0&email_count_incoming=0&email_count_outgoing=0&ftp=6519596&http=10897188&http_homedir=10897188&http_ul=0&imap=0&other=0&pop=0&total=17416784
2020 01 11=da=0&email=0&email_count=0&email_count_incoming=0&email_count_outgoing=0&ftp=0&http=0&http_homedir=0&http_ul=0&imap=0&other=0&pop=0&total=0
2020 01 12=da=0&email=0&email_count=0&email_count_incoming=0&email_count_outgoing=0&ftp=0&http=0&http_homedir=0&http_ul=0&imap=0&other=0&pop=0&total=0
2020 01 13=da=0&email=0&email_count=0&email_count_incoming=0&email_count_outgoing=0&ftp=4326754&http=27440533&http_homedir=27440533&http_ul=0&imap=0&other=0&pop=0&total=31767287
2020 01 14=da=0&email=0&email_count=0&email_count_incoming=0&email_count_outgoing=0&ftp=3095875&http=22265427&http_homedir=22265427&http_ul=0&imap=0&other=0&pop=0&total=25361302
2020 01 15=da=0&email=0&email_count=0&email_count_incoming=0&email_count_outgoing=0&ftp=2933854&http=40161874&http_homedir=40161874&http_ul=0&imap=0&other=0&pop=0&total=43095728
2020 01 16=da=0&email=0&email_count=0&email_count_incoming=0&email_count_outgoing=0&ftp=24310&http=0&http_homedir=0&http_ul=0&imap=0&other=0&pop=0&total=24310
2020 01 17=da=0&email=0&email_count=0&email_count_incoming=0&email_count_outgoing=0&ftp=44289&http=0&http_homedir=0&http_ul=0&imap=0&other=0&pop=0&total=44289
2020 01 18=da=0&email=0&email_count=0&email_count_incoming=0&email_count_outgoing=0&ftp=0&http=0&http_homedir=0&http_ul=0&imap=0&other=0&pop=0&total=0
2020 01 19=da=0&email=0&email_count=0&email_count_incoming=0&email_count_outgoing=0&ftp=0&http=0&http_homedir=0&http_ul=0&imap=0&other=0&pop=0&total=0
2020 01 20=da=0&email=0&email_count=0&email_count_incoming=0&email_count_outgoing=0&ftp=0&http=0&http_homedir=0&http_ul=0&imap=0&other=0&pop=0&total=0
2020 01 21=da=0&email=0&email_count=0&email_count_incoming=0&email_count_outgoing=0&ftp=0&http=12339484&http_homedir=12339484&http_ul=0&imap=0&other=0&pop=0&total=12339484
2020 01 22=da=0&email=0&email_count=0&email_count_incoming=0&email_count_outgoing=0&ftp=92230&http=0&http_homedir=0&http_ul=0&imap=0&other=0&pop=0&total=92230
2020 01 23=da=0&email=0&email_count=0&email_count_incoming=0&email_count_outgoing=0&ftp=0&http=0&http_homedir=0&http_ul=0&imap=0&other=0&pop=0&total=0
2020 01 24=da=0&email=0&email_count=0&email_count_incoming=0&email_count_outgoing=0&ftp=0&http=0&http_homedir=0&http_ul=0&imap=0&other=0&pop=0&total=0
2020 01 25=da=0&email=0&email_count=0&email_count_incoming=0&email_count_outgoing=0&ftp=0&http=0&http_homedir=0&http_ul=0&imap=0&other=0&pop=0&total=0
2020 01 26=da=0&email=0&email_count=0&email_count_incoming=0&email_count_outgoing=0&ftp=0&http=0&http_homedir=0&http_ul=0&imap=0&other=0&pop=0&total=0
2020 01 27=da=0&email=0&email_count=0&email_count_incoming=0&email_count_outgoing=0&ftp=0&http=0&http_homedir=0&http_ul=0&imap=0&other=0&pop=0&total=0
2020 01 28=da=0&email=0&email_count=0&email_count_incoming=0&email_count_outgoing=0&ftp=0&http=0&http_homedir=0&http_ul=0&imap=0&other=0&pop=0&total=0
2020 01 29=da=0&email=0&email_count=0&email_count_incoming=0&email_count_outgoing=0&ftp=0&http=0&http_homedir=0&http_ul=0&imap=0&other=0&pop=0&total=0
2020 01 30=da=0&email=0&email_count=0&email_count_incoming=0&email_count_outgoing=0&ftp=0&http=0&http_homedir=0&http_ul=0&imap=0&other=0&pop=0&total=0
simpletotal=263481368
total=da=213297&email=0&email_count=0&email_count_incoming=0&email_count_outgoing=0&ftp=49138320&http=214129751&http_ul=0&imap=0&other=0&pop=0&total=263481368
