2020 08 01=da=0&email=0&email_count=0&email_count_incoming=0&email_count_outgoing=0&ftp=0&http=70006&http_homedir=0&http_ul=4095&imap=0&other=0&pop=0&total=70006
2020 08 02=da=0&email=0&email_count=0&email_count_incoming=0&email_count_outgoing=0&ftp=0&http=106605&http_homedir=0&http_ul=4733&imap=0&other=0&pop=0&total=106605
2020 08 03=da=0&email=0&email_count=0&email_count_incoming=0&email_count_outgoing=0&ftp=346717169&http=17441153&http_homedir=0&http_ul=710366&imap=0&other=0&pop=0&total=364158322
2020 08 04=da=0&email=0&email_count=0&email_count_incoming=0&email_count_outgoing=0&ftp=722090&http=8444537&http_homedir=0&http_ul=229856&imap=0&other=0&pop=0&total=9166627
2020 08 05=da=0&email=0&email_count=0&email_count_incoming=0&email_count_outgoing=0&ftp=0&http=78946&http_homedir=0&http_ul=4617&imap=0&other=0&pop=0&total=78946
2020 08 06=da=0&email=0&email_count=0&email_count_incoming=0&email_count_outgoing=0&ftp=0&http=246945&http_homedir=0&http_ul=2362&imap=0&other=0&pop=0&total=246945
2020 08 07=da=0&email=0&email_count=0&email_count_incoming=0&email_count_outgoing=0&ftp=0&http=1168933&http_homedir=0&http_ul=5662&imap=0&other=0&pop=0&total=1168933
2020 08 08=da=0&email=0&email_count=0&email_count_incoming=0&email_count_outgoing=0&ftp=0&http=72837&http_homedir=0&http_ul=2733&imap=0&other=0&pop=0&total=72837
2020 08 09=da=0&email=0&email_count=0&email_count_incoming=0&email_count_outgoing=0&ftp=0&http=475155&http_homedir=0&http_ul=2618&imap=0&other=0&pop=0&total=475155
2020 08 10=da=0&email=0&email_count=0&email_count_incoming=0&email_count_outgoing=0&ftp=0&http=4267205&http_homedir=0&http_ul=199024&imap=0&other=0&pop=0&total=4267205
2020 08 11=da=0&email=0&email_count=0&email_count_incoming=0&email_count_outgoing=0&ftp=0&http=441811&http_homedir=0&http_ul=1265&imap=0&other=0&pop=0&total=441811
2020 08 12=da=0&email=0&email_count=0&email_count_incoming=0&email_count_outgoing=0&ftp=0&http=23452&http_homedir=0&http_ul=1384&imap=0&other=0&pop=0&total=23452
2020 08 13=da=0&email=0&email_count=0&email_count_incoming=0&email_count_outgoing=0&ftp=0&http=2995772&http_homedir=0&http_ul=7429&imap=0&other=0&pop=0&total=2995772
2020 08 14=da=0&email=0&email_count=0&email_count_incoming=0&email_count_outgoing=0&ftp=0&http=297893&http_homedir=0&http_ul=4909&imap=0&other=0&pop=0&total=297893
2020 08 15=da=0&email=0&email_count=0&email_count_incoming=0&email_count_outgoing=0&ftp=0&http=1422889&http_homedir=0&http_ul=4515&imap=0&other=0&pop=0&total=1422889
2020 08 16=da=0&email=0&email_count=0&email_count_incoming=0&email_count_outgoing=0&ftp=0&http=269605&http_homedir=0&http_ul=2657&imap=0&other=0&pop=0&total=269605
2020 08 17=da=0&email=0&email_count=0&email_count_incoming=0&email_count_outgoing=0&ftp=0&http=45327&http_homedir=0&http_ul=2197&imap=0&other=0&pop=0&total=45327
2020 08 18=da=0&email=0&email_count=0&email_count_incoming=0&email_count_outgoing=0&ftp=5591580&http=108739&http_homedir=0&http_ul=4747&imap=0&other=0&pop=0&total=5700319
2020 08 19=da=0&email=0&email_count=0&email_count_incoming=0&email_count_outgoing=0&ftp=0&http=103859&http_homedir=0&http_ul=7167&imap=0&other=0&pop=0&total=103859
2020 08 20=da=0&email=0&email_count=0&email_count_incoming=0&email_count_outgoing=0&ftp=0&http=29496&http_homedir=0&http_ul=1017&imap=0&other=0&pop=0&total=29496
2020 08 21=da=0&email=0&email_count=0&email_count_incoming=0&email_count_outgoing=0&ftp=0&http=4221187&http_homedir=0&http_ul=141303&imap=0&other=0&pop=0&total=4221187
2020 08 22=da=0&email=0&email_count=0&email_count_incoming=0&email_count_outgoing=0&ftp=0&http=35373&http_homedir=0&http_ul=2212&imap=0&other=0&pop=0&total=35373
2020 08 23=da=0&email=0&email_count=0&email_count_incoming=0&email_count_outgoing=0&ftp=0&http=94788&http_homedir=0&http_ul=3837&imap=0&other=0&pop=0&total=94788
2020 08 24=da=0&email=0&email_count=0&email_count_incoming=0&email_count_outgoing=0&ftp=1602833&http=25770632&http_homedir=0&http_ul=622194&imap=0&other=0&pop=0&total=27373465
2020 08 25=da=0&email=0&email_count=0&email_count_incoming=0&email_count_outgoing=0&ftp=26422&http=7956987&http_homedir=0&http_ul=338243&imap=0&other=0&pop=0&total=7983409
2020 08 26=da=0&email=0&email_count=0&email_count_incoming=0&email_count_outgoing=0&ftp=0&http=233510&http_homedir=0&http_ul=7363&imap=0&other=0&pop=0&total=233510
2020 08 27=da=0&email=0&email_count=0&email_count_incoming=0&email_count_outgoing=0&ftp=0&http=1744637&http_homedir=0&http_ul=147907&imap=0&other=0&pop=0&total=1744637
2020 08 28=da=0&email=0&email_count=0&email_count_incoming=0&email_count_outgoing=0&ftp=0&http=1038394&http_homedir=0&http_ul=6019&imap=0&other=0&pop=0&total=1038394
2020 08 29=da=0&email=0&email_count=0&email_count_incoming=0&email_count_outgoing=0&ftp=0&http=96410&http_homedir=0&http_ul=4744&imap=0&other=0&pop=0&total=96410
2020 08 30=da=0&email=0&email_count=0&email_count_incoming=0&email_count_outgoing=0&ftp=0&http=42911&http_homedir=0&http_ul=1235&imap=0&other=0&pop=0&total=42911
simpletotal=434006088
total=da=0&email=0&email_count=0&email_count_incoming=0&email_count_outgoing=0&ftp=354660094&http=79345994&http_ul=2478410&imap=0&other=0&pop=0&total=434006088
