2020 09 01=da=3059838&email=0&email_count=0&email_count_incoming=0&email_count_outgoing=0&ftp=0&http=8007669&http_homedir=0&http_ul=180719&imap=0&other=0&pop=0&total=11067507
2020 09 02=da=0&email=0&email_count=0&email_count_incoming=0&email_count_outgoing=0&ftp=0&http=269537&http_homedir=0&http_ul=4883&imap=0&other=0&pop=0&total=269537
2020 09 03=da=0&email=0&email_count=0&email_count_incoming=0&email_count_outgoing=0&ftp=0&http=235202&http_homedir=0&http_ul=1650&imap=0&other=0&pop=0&total=235202
2020 09 04=da=0&email=0&email_count=0&email_count_incoming=0&email_count_outgoing=0&ftp=0&http=34809&http_homedir=0&http_ul=1861&imap=0&other=0&pop=0&total=34809
2020 09 05=da=0&email=0&email_count=0&email_count_incoming=0&email_count_outgoing=0&ftp=0&http=430465&http_homedir=0&http_ul=4405&imap=0&other=0&pop=0&total=430465
2020 09 06=da=0&email=0&email_count=0&email_count_incoming=0&email_count_outgoing=0&ftp=0&http=395698&http_homedir=0&http_ul=8890&imap=0&other=0&pop=0&total=395698
2020 09 07=da=0&email=0&email_count=0&email_count_incoming=0&email_count_outgoing=0&ftp=0&http=411934&http_homedir=0&http_ul=2357&imap=0&other=0&pop=0&total=411934
2020 09 08=da=0&email=0&email_count=0&email_count_incoming=0&email_count_outgoing=0&ftp=0&http=329317&http_homedir=0&http_ul=6467&imap=0&other=0&pop=0&total=329317
2020 09 09=da=0&email=0&email_count=0&email_count_incoming=0&email_count_outgoing=0&ftp=0&http=241269&http_homedir=0&http_ul=11967&imap=0&other=0&pop=0&total=241269
2020 09 10=da=0&email=0&email_count=0&email_count_incoming=0&email_count_outgoing=0&ftp=0&http=541929&http_homedir=0&http_ul=5961&imap=0&other=0&pop=0&total=541929
2020 09 11=da=0&email=0&email_count=0&email_count_incoming=0&email_count_outgoing=0&ftp=0&http=4691424&http_homedir=0&http_ul=75198&imap=0&other=0&pop=0&total=4691424
2020 09 12=da=0&email=0&email_count=0&email_count_incoming=0&email_count_outgoing=0&ftp=0&http=500180&http_homedir=0&http_ul=14594&imap=0&other=0&pop=0&total=500180
2020 09 13=da=0&email=0&email_count=0&email_count_incoming=0&email_count_outgoing=0&ftp=0&http=290645&http_homedir=0&http_ul=2935&imap=0&other=0&pop=0&total=290645
2020 09 14=da=0&email=0&email_count=0&email_count_incoming=0&email_count_outgoing=0&ftp=0&http=586254&http_homedir=0&http_ul=7885&imap=0&other=0&pop=0&total=586254
2020 09 15=da=0&email=0&email_count=0&email_count_incoming=0&email_count_outgoing=0&ftp=0&http=40638&http_homedir=0&http_ul=1292&imap=0&other=0&pop=0&total=40638
2020 09 16=da=0&email=0&email_count=0&email_count_incoming=0&email_count_outgoing=0&ftp=0&http=380156&http_homedir=0&http_ul=8285&imap=0&other=0&pop=0&total=380156
2020 09 17=da=0&email=0&email_count=0&email_count_incoming=0&email_count_outgoing=0&ftp=0&http=301985&http_homedir=0&http_ul=3336&imap=0&other=0&pop=0&total=301985
2020 09 18=da=0&email=0&email_count=0&email_count_incoming=0&email_count_outgoing=0&ftp=0&http=40640&http_homedir=0&http_ul=3690&imap=0&other=0&pop=0&total=40640
2020 09 19=da=0&email=0&email_count=0&email_count_incoming=0&email_count_outgoing=0&ftp=0&http=198790&http_homedir=0&http_ul=9784&imap=0&other=0&pop=0&total=198790
2020 09 20=da=0&email=0&email_count=0&email_count_incoming=0&email_count_outgoing=0&ftp=0&http=101718&http_homedir=0&http_ul=4704&imap=0&other=0&pop=0&total=101718
2020 09 21=da=0&email=0&email_count=0&email_count_incoming=0&email_count_outgoing=0&ftp=0&http=694336&http_homedir=0&http_ul=4396&imap=0&other=0&pop=0&total=694336
2020 09 22=da=0&email=0&email_count=0&email_count_incoming=0&email_count_outgoing=0&ftp=0&http=52122&http_homedir=0&http_ul=3415&imap=0&other=0&pop=0&total=52122
2020 09 23=da=0&email=0&email_count=0&email_count_incoming=0&email_count_outgoing=0&ftp=0&http=56764&http_homedir=0&http_ul=1158&imap=0&other=0&pop=0&total=56764
2020 09 24=da=0&email=0&email_count=0&email_count_incoming=0&email_count_outgoing=0&ftp=0&http=5270196&http_homedir=0&http_ul=105290&imap=0&other=0&pop=0&total=5270196
2020 09 25=da=117420&email=0&email_count=0&email_count_incoming=0&email_count_outgoing=0&ftp=150788&http=4932192&http_homedir=0&http_ul=142086&imap=0&other=0&pop=0&total=5200400
2020 09 26=da=3404326&email=0&email_count=0&email_count_incoming=0&email_count_outgoing=0&ftp=78508024&http=8594324&http_homedir=0&http_ul=189419&imap=0&other=0&pop=0&total=90506674
2020 09 27=da=0&email=0&email_count=0&email_count_incoming=0&email_count_outgoing=0&ftp=693081&http=56928875&http_homedir=0&http_ul=594055&imap=0&other=0&pop=0&total=57621956
2020 09 28=da=100232&email=0&email_count=0&email_count_incoming=0&email_count_outgoing=0&ftp=347931582&http=1043006&http_homedir=0&http_ul=16639&imap=0&other=0&pop=0&total=349074820
2020 09 29=da=0&email=0&email_count=0&email_count_incoming=0&email_count_outgoing=0&ftp=0&http=52538&http_homedir=0&http_ul=2236&imap=0&other=0&pop=0&total=52538
simpletotal=529619903
total=da=6681816&email=0&email_count=0&email_count_incoming=0&email_count_outgoing=0&ftp=427283475&http=95654612&http_ul=1419557&imap=0&other=0&pop=0&total=529619903
