2020 05 01=da=0&email=0&email_count=0&email_count_incoming=0&email_count_outgoing=0&ftp=0&http=413113&http_homedir=0&http_ul=11100&imap=0&other=0&pop=0&total=413113
2020 05 02=da=0&email=0&email_count=0&email_count_incoming=0&email_count_outgoing=0&ftp=0&http=370146&http_homedir=0&http_ul=9831&imap=0&other=0&pop=0&total=370146
2020 05 03=da=0&email=0&email_count=0&email_count_incoming=0&email_count_outgoing=0&ftp=0&http=321388&http_homedir=0&http_ul=5517&imap=0&other=0&pop=0&total=321388
2020 05 04=da=0&email=0&email_count=0&email_count_incoming=0&email_count_outgoing=0&ftp=0&http=653506&http_homedir=0&http_ul=5789&imap=0&other=0&pop=0&total=653506
2020 05 05=da=0&email=0&email_count=0&email_count_incoming=0&email_count_outgoing=0&ftp=330889253&http=1395310&http_homedir=0&http_ul=101232&imap=0&other=0&pop=0&total=332284563
2020 05 06=da=0&email=0&email_count=0&email_count_incoming=0&email_count_outgoing=0&ftp=0&http=501048&http_homedir=0&http_ul=13526&imap=0&other=0&pop=0&total=501048
2020 05 07=da=0&email=0&email_count=0&email_count_incoming=0&email_count_outgoing=0&ftp=0&http=491159&http_homedir=0&http_ul=1008&imap=0&other=0&pop=0&total=491159
2020 05 08=da=0&email=0&email_count=0&email_count_incoming=0&email_count_outgoing=0&ftp=0&http=40043&http_homedir=0&http_ul=2442&imap=0&other=0&pop=0&total=40043
2020 05 09=da=0&email=0&email_count=0&email_count_incoming=0&email_count_outgoing=0&ftp=0&http=800952&http_homedir=0&http_ul=16743&imap=0&other=0&pop=0&total=800952
2020 05 10=da=0&email=0&email_count=0&email_count_incoming=0&email_count_outgoing=0&ftp=0&http=124797&http_homedir=0&http_ul=6496&imap=0&other=0&pop=0&total=124797
2020 05 11=da=0&email=0&email_count=0&email_count_incoming=0&email_count_outgoing=0&ftp=0&http=60130&http_homedir=0&http_ul=2547&imap=0&other=0&pop=0&total=60130
2020 05 12=da=0&email=0&email_count=0&email_count_incoming=0&email_count_outgoing=0&ftp=0&http=683338&http_homedir=0&http_ul=4174&imap=0&other=0&pop=0&total=683338
2020 05 13=da=0&email=0&email_count=0&email_count_incoming=0&email_count_outgoing=0&ftp=115592406&http=2325634&http_homedir=0&http_ul=19143&imap=0&other=0&pop=0&total=117918040
2020 05 14=da=0&email=0&email_count=0&email_count_incoming=0&email_count_outgoing=0&ftp=0&http=883176&http_homedir=0&http_ul=2919&imap=0&other=0&pop=0&total=883176
2020 05 15=da=0&email=0&email_count=0&email_count_incoming=0&email_count_outgoing=0&ftp=0&http=525393&http_homedir=0&http_ul=18111&imap=0&other=0&pop=0&total=525393
2020 05 16=da=0&email=0&email_count=0&email_count_incoming=0&email_count_outgoing=0&ftp=0&http=1903189&http_homedir=0&http_ul=7226&imap=0&other=0&pop=0&total=1903189
2020 05 17=da=0&email=0&email_count=0&email_count_incoming=0&email_count_outgoing=0&ftp=0&http=997438&http_homedir=0&http_ul=20696&imap=0&other=0&pop=0&total=997438
2020 05 18=da=585886&email=0&email_count=0&email_count_incoming=0&email_count_outgoing=0&ftp=513864471&http=1249355&http_homedir=0&http_ul=98138&imap=0&other=0&pop=0&total=515699712
2020 05 19=da=0&email=0&email_count=0&email_count_incoming=0&email_count_outgoing=0&ftp=0&http=2433956&http_homedir=0&http_ul=15321&imap=0&other=0&pop=0&total=2433956
2020 05 20=da=0&email=0&email_count=0&email_count_incoming=0&email_count_outgoing=0&ftp=0&http=1218782&http_homedir=0&http_ul=8146&imap=0&other=0&pop=0&total=1218782
2020 05 21=da=0&email=0&email_count=0&email_count_incoming=0&email_count_outgoing=0&ftp=0&http=339171&http_homedir=0&http_ul=7886&imap=0&other=0&pop=0&total=339171
2020 05 22=da=0&email=0&email_count=0&email_count_incoming=0&email_count_outgoing=0&ftp=0&http=441254&http_homedir=0&http_ul=3960&imap=0&other=0&pop=0&total=441254
2020 05 23=da=0&email=0&email_count=0&email_count_incoming=0&email_count_outgoing=0&ftp=0&http=52602&http_homedir=0&http_ul=1987&imap=0&other=0&pop=0&total=52602
2020 05 24=da=0&email=0&email_count=0&email_count_incoming=0&email_count_outgoing=0&ftp=0&http=457177&http_homedir=0&http_ul=11414&imap=0&other=0&pop=0&total=457177
2020 05 25=da=0&email=0&email_count=0&email_count_incoming=0&email_count_outgoing=0&ftp=330551956&http=874286&http_homedir=0&http_ul=77397&imap=0&other=0&pop=0&total=331426242
2020 05 26=da=4748731&email=0&email_count=0&email_count_incoming=0&email_count_outgoing=0&ftp=0&http=45845&http_homedir=0&http_ul=2264&imap=0&other=0&pop=0&total=4794576
2020 05 27=da=0&email=0&email_count=0&email_count_incoming=0&email_count_outgoing=0&ftp=0&http=1300037&http_homedir=0&http_ul=14698&imap=0&other=0&pop=0&total=1300037
2020 05 28=da=0&email=0&email_count=0&email_count_incoming=0&email_count_outgoing=0&ftp=0&http=11778&http_homedir=0&http_ul=689&imap=0&other=0&pop=0&total=11778
2020 05 29=da=0&email=0&email_count=0&email_count_incoming=0&email_count_outgoing=0&ftp=0&http=88333&http_homedir=0&http_ul=4740&imap=0&other=0&pop=0&total=88333
2020 05 30=da=0&email=0&email_count=0&email_count_incoming=0&email_count_outgoing=0&ftp=0&http=1152014&http_homedir=0&http_ul=5694&imap=0&other=0&pop=0&total=1152014
simpletotal=1318387053
total=da=5334617&email=0&email_count=0&email_count_incoming=0&email_count_outgoing=0&ftp=1290898086&http=22154350&http_ul=500834&imap=0&other=0&pop=0&total=1318387053
