2021 02 01=da=0&email=0&email_count=0&email_count_incoming=0&email_count_outgoing=0&ftp=0&http=8917&http_homedir=0&http_ul=3925&imap=0&other=0&pop=0&total=8917
2021 02 02=da=0&email=0&email_count=0&email_count_incoming=0&email_count_outgoing=0&ftp=0&http=9608&http_homedir=0&http_ul=3595&imap=0&other=0&pop=0&total=9608
2021 02 03=da=0&email=0&email_count=0&email_count_incoming=0&email_count_outgoing=0&ftp=0&http=21086&http_homedir=0&http_ul=8830&imap=0&other=0&pop=0&total=21086
2021 02 04=da=0&email=0&email_count=0&email_count_incoming=0&email_count_outgoing=0&ftp=0&http=18055&http_homedir=0&http_ul=8174&imap=0&other=0&pop=0&total=18055
2021 02 05=da=79074725&email=0&email_count=0&email_count_incoming=0&email_count_outgoing=0&ftp=0&http=31040&http_homedir=0&http_ul=10863&imap=0&other=0&pop=0&total=79105765
2021 02 06=da=0&email=0&email_count=0&email_count_incoming=0&email_count_outgoing=0&ftp=0&http=16457&http_homedir=0&http_ul=5767&imap=0&other=0&pop=0&total=16457
2021 02 07=da=0&email=0&email_count=0&email_count_incoming=0&email_count_outgoing=0&ftp=0&http=9014&http_homedir=0&http_ul=4053&imap=0&other=0&pop=0&total=9014
2021 02 08=da=0&email=0&email_count=0&email_count_incoming=0&email_count_outgoing=0&ftp=0&http=20639&http_homedir=0&http_ul=7997&imap=0&other=0&pop=0&total=20639
2021 02 09=da=0&email=0&email_count=0&email_count_incoming=0&email_count_outgoing=0&ftp=0&http=29339&http_homedir=0&http_ul=8689&imap=0&other=0&pop=0&total=29339
2021 02 10=da=0&email=0&email_count=0&email_count_incoming=0&email_count_outgoing=0&ftp=0&http=7995&http_homedir=0&http_ul=2108&imap=0&other=0&pop=0&total=7995
2021 02 11=da=0&email=0&email_count=0&email_count_incoming=0&email_count_outgoing=0&ftp=0&http=3440&http_homedir=0&http_ul=1253&imap=0&other=0&pop=0&total=3440
2021 02 12=da=0&email=0&email_count=0&email_count_incoming=0&email_count_outgoing=0&ftp=0&http=9672&http_homedir=0&http_ul=3695&imap=0&other=0&pop=0&total=9672
2021 02 13=da=0&email=0&email_count=0&email_count_incoming=0&email_count_outgoing=0&ftp=0&http=8887&http_homedir=0&http_ul=3250&imap=0&other=0&pop=0&total=8887
2021 02 14=da=0&email=0&email_count=0&email_count_incoming=0&email_count_outgoing=0&ftp=0&http=34836&http_homedir=0&http_ul=13291&imap=0&other=0&pop=0&total=34836
2021 02 15=da=0&email=0&email_count=0&email_count_incoming=0&email_count_outgoing=0&ftp=0&http=11945&http_homedir=0&http_ul=3989&imap=0&other=0&pop=0&total=11945
2021 02 16=da=0&email=0&email_count=0&email_count_incoming=0&email_count_outgoing=0&ftp=0&http=41971&http_homedir=0&http_ul=7864&imap=0&other=0&pop=0&total=41971
2021 02 17=da=0&email=0&email_count=0&email_count_incoming=0&email_count_outgoing=0&ftp=0&http=1030135&http_homedir=0&http_ul=12677&imap=0&other=0&pop=0&total=1030135
2021 02 18=da=78554517&email=0&email_count=0&email_count_incoming=0&email_count_outgoing=0&ftp=0&http=11138&http_homedir=0&http_ul=4150&imap=0&other=0&pop=0&total=78565655
2021 02 19=da=0&email=0&email_count=0&email_count_incoming=0&email_count_outgoing=0&ftp=0&http=7632&http_homedir=0&http_ul=3018&imap=0&other=0&pop=0&total=7632
2021 02 20=da=0&email=0&email_count=0&email_count_incoming=0&email_count_outgoing=0&ftp=0&http=4257&http_homedir=0&http_ul=948&imap=0&other=0&pop=0&total=4257
2021 02 21=da=0&email=0&email_count=0&email_count_incoming=0&email_count_outgoing=0&ftp=0&http=15792&http_homedir=0&http_ul=3601&imap=0&other=0&pop=0&total=15792
2021 02 22=da=25763&email=0&email_count=0&email_count_incoming=0&email_count_outgoing=0&ftp=0&http=4480&http_homedir=0&http_ul=1481&imap=0&other=0&pop=0&total=30243
2021 02 23=da=0&email=0&email_count=0&email_count_incoming=0&email_count_outgoing=0&ftp=0&http=10100&http_homedir=0&http_ul=3975&imap=0&other=0&pop=0&total=10100
2021 02 24=da=0&email=0&email_count=0&email_count_incoming=0&email_count_outgoing=0&ftp=0&http=7872&http_homedir=0&http_ul=2855&imap=0&other=0&pop=0&total=7872
2021 02 25=da=0&email=0&email_count=0&email_count_incoming=0&email_count_outgoing=0&ftp=0&http=11082&http_homedir=0&http_ul=2493&imap=0&other=0&pop=0&total=11082
2021 02 26=da=0&email=0&email_count=0&email_count_incoming=0&email_count_outgoing=0&ftp=0&http=6228&http_homedir=0&http_ul=1734&imap=0&other=0&pop=0&total=6228
2021 02 27=da=0&email=0&email_count=0&email_count_incoming=0&email_count_outgoing=0&ftp=0&http=6279&http_homedir=0&http_ul=793&imap=0&other=0&pop=0&total=6279
2021 02 28=da=0&email=0&email_count=0&email_count_incoming=0&email_count_outgoing=0&ftp=0&http=21609&http_homedir=0&http_ul=9609&imap=0&other=0&pop=0&total=21609
simpletotal=159074510
total=da=157655005&email=0&email_count=0&email_count_incoming=0&email_count_outgoing=0&ftp=0&http=1419505&http_ul=144677&imap=0&other=0&pop=0&total=159074510
