2021 09 01=da=0&email=0&email_count=0&email_count_incoming=0&email_count_outgoing=0&ftp=0&http=99730&http_homedir=0&http_ul=28050&imap=0&other=0&pop=0&total=99730
2021 09 02=da=0&email=0&email_count=0&email_count_incoming=0&email_count_outgoing=0&ftp=0&http=119891&http_homedir=0&http_ul=37170&imap=0&other=0&pop=0&total=119891
2021 09 03=da=0&email=0&email_count=0&email_count_incoming=0&email_count_outgoing=0&ftp=0&http=50525&http_homedir=0&http_ul=16205&imap=0&other=0&pop=0&total=50525
2021 09 04=da=0&email=0&email_count=0&email_count_incoming=0&email_count_outgoing=0&ftp=0&http=73016&http_homedir=0&http_ul=21837&imap=0&other=0&pop=0&total=73016
2021 09 05=da=0&email=0&email_count=0&email_count_incoming=0&email_count_outgoing=0&ftp=0&http=93721&http_homedir=0&http_ul=25184&imap=0&other=0&pop=0&total=93721
2021 09 06=da=0&email=0&email_count=0&email_count_incoming=0&email_count_outgoing=0&ftp=0&http=20427&http_homedir=0&http_ul=5100&imap=0&other=0&pop=0&total=20427
2021 09 07=da=0&email=0&email_count=0&email_count_incoming=0&email_count_outgoing=0&ftp=0&http=25242&http_homedir=0&http_ul=7575&imap=0&other=0&pop=0&total=25242
2021 09 08=da=0&email=0&email_count=0&email_count_incoming=0&email_count_outgoing=0&ftp=0&http=66161&http_homedir=0&http_ul=17739&imap=0&other=0&pop=0&total=66161
2021 09 09=da=0&email=0&email_count=0&email_count_incoming=0&email_count_outgoing=0&ftp=0&http=86782&http_homedir=0&http_ul=25585&imap=0&other=0&pop=0&total=86782
2021 09 10=da=0&email=0&email_count=0&email_count_incoming=0&email_count_outgoing=0&ftp=0&http=32236&http_homedir=0&http_ul=9052&imap=0&other=0&pop=0&total=32236
2021 09 11=da=0&email=0&email_count=0&email_count_incoming=0&email_count_outgoing=0&ftp=0&http=39649&http_homedir=0&http_ul=10704&imap=0&other=0&pop=0&total=39649
2021 09 12=da=0&email=0&email_count=0&email_count_incoming=0&email_count_outgoing=0&ftp=0&http=57028&http_homedir=0&http_ul=16015&imap=0&other=0&pop=0&total=57028
2021 09 13=da=0&email=0&email_count=0&email_count_incoming=0&email_count_outgoing=0&ftp=0&http=46446&http_homedir=0&http_ul=12304&imap=0&other=0&pop=0&total=46446
2021 09 14=da=0&email=0&email_count=0&email_count_incoming=0&email_count_outgoing=0&ftp=0&http=38139&http_homedir=0&http_ul=10995&imap=0&other=0&pop=0&total=38139
2021 09 15=da=0&email=0&email_count=0&email_count_incoming=0&email_count_outgoing=0&ftp=0&http=14620&http_homedir=0&http_ul=2955&imap=0&other=0&pop=0&total=14620
2021 09 16=da=0&email=0&email_count=0&email_count_incoming=0&email_count_outgoing=0&ftp=0&http=107975&http_homedir=0&http_ul=32125&imap=0&other=0&pop=0&total=107975
2021 09 17=da=0&email=0&email_count=0&email_count_incoming=0&email_count_outgoing=0&ftp=0&http=58346&http_homedir=0&http_ul=16547&imap=0&other=0&pop=0&total=58346
2021 09 18=da=0&email=0&email_count=0&email_count_incoming=0&email_count_outgoing=0&ftp=0&http=102099&http_homedir=0&http_ul=28184&imap=0&other=0&pop=0&total=102099
2021 09 19=da=0&email=0&email_count=0&email_count_incoming=0&email_count_outgoing=0&ftp=0&http=46782&http_homedir=0&http_ul=13252&imap=0&other=0&pop=0&total=46782
2021 09 20=da=0&email=0&email_count=0&email_count_incoming=0&email_count_outgoing=0&ftp=0&http=71424&http_homedir=0&http_ul=19273&imap=0&other=0&pop=0&total=71424
2021 09 21=da=0&email=0&email_count=0&email_count_incoming=0&email_count_outgoing=0&ftp=0&http=88433&http_homedir=0&http_ul=23633&imap=0&other=0&pop=0&total=88433
2021 09 22=da=0&email=0&email_count=0&email_count_incoming=0&email_count_outgoing=0&ftp=0&http=35219&http_homedir=0&http_ul=4390&imap=0&other=0&pop=0&total=35219
2021 09 23=da=0&email=0&email_count=0&email_count_incoming=0&email_count_outgoing=0&ftp=0&http=69897&http_homedir=0&http_ul=20239&imap=0&other=0&pop=0&total=69897
2021 09 24=da=0&email=0&email_count=0&email_count_incoming=0&email_count_outgoing=0&ftp=0&http=71423&http_homedir=0&http_ul=19437&imap=0&other=0&pop=0&total=71423
2021 09 25=da=0&email=0&email_count=0&email_count_incoming=0&email_count_outgoing=0&ftp=0&http=92127&http_homedir=0&http_ul=27911&imap=0&other=0&pop=0&total=92127
2021 09 26=da=0&email=0&email_count=0&email_count_incoming=0&email_count_outgoing=0&ftp=0&http=93783&http_homedir=0&http_ul=25767&imap=0&other=0&pop=0&total=93783
2021 09 27=da=0&email=0&email_count=0&email_count_incoming=0&email_count_outgoing=0&ftp=0&http=2457761&http_homedir=2427739&http_ul=8999&imap=0&other=0&pop=0&total=2457761
2021 09 28=da=0&email=0&email_count=0&email_count_incoming=0&email_count_outgoing=0&ftp=0&http=35922&http_homedir=0&http_ul=10212&imap=0&other=0&pop=0&total=35922
2021 09 29=da=0&email=0&email_count=0&email_count_incoming=0&email_count_outgoing=0&ftp=0&http=60318&http_homedir=0&http_ul=16951&imap=0&other=0&pop=0&total=60318
2021 09 30=da=0&email=0&email_count=0&email_count_incoming=0&email_count_outgoing=0&ftp=0&http=18775&http_homedir=0&http_ul=5700&imap=0&other=0&pop=0&total=18775
simpletotal=4273897
total=da=0&email=0&email_count=0&email_count_incoming=0&email_count_outgoing=0&ftp=0&http=4273897&http_ul=519090&imap=0&other=0&pop=0&total=4273897
